#
# A fatal error has been detected by the Java Runtime Environment:
#
#  EXCEPTION_ACCESS_VIOLATION (0xc0000005) at pc=0x00007ffd60fa4e42, pid=13396, tid=6904
#
# JRE version: Java(TM) SE Runtime Environment (19.0.2+7) (build 19.0.2+7-44)
# Java VM: Java HotSpot(TM) 64-Bit Server VM (19.0.2+7-44, mixed mode, sharing, tiered, compressed oops, compressed class ptrs, g1 gc, windows-amd64)
# Problematic frame:
# C  [PhysX_64.dll+0x34e42]
#
# No core dump will be written. Minidumps are not enabled by default on client versions of Windows
#
# If you would like to submit a bug report, please visit:
#   https://bugreport.java.com/bugreport/crash.jsp
# The crash happened outside the Java Virtual Machine in native code.
# See problematic frame for where to report the bug.
#

---------------  S U M M A R Y ------------

Command Line: -Dfile.encoding=windows-1252 -Duser.country=IT -Duser.language=it -Duser.variant LauncherKt

Host: 11th Gen Intel(R) Core(TM) i7-1165G7 @ 2.80GHz, 8 cores, 15G,  Windows 11 , 64 bit Build 22621 (10.0.22621.3958)
Time: Sat Sep  7 18:33:25 2024 Pacifico (ora legale) elapsed time: 1.270214 seconds (0d 0h 0m 1s)

---------------  T H R E A D  ---------------

Current thread (0x00000173fe31f970):  JavaThread "main" [_thread_in_native, id=6904, stack(0x0000003a1d900000,0x0000003a1da00000)]

Stack: [0x0000003a1d900000,0x0000003a1da00000],  sp=0x0000003a1d9fea40,  free space=1018k
Native frames: (J=compiled Java code, j=interpreted, Vv=VM code, C=native code)
C  [PhysX_64.dll+0x34e42]

Java frames: (J=compiled Java code, j=interpreted, Vv=VM code)
j  physx.physics.PxRigidDynamic._setKinematicTarget(JJ)V+0
j  physx.physics.PxRigidDynamic.setKinematicTarget(Lphysx/common/PxTransform;)V+12
j  de.fabmax.kool.physics.RigidDynamicImpl.setKinematicTarget(Lde/fabmax/kool/math/Vec3f;Lde/fabmax/kool/math/QuatF;)V+116
j  de.fabmax.kool.physics.RigidDynamic$DefaultImpls.setKinematicTarget$default(Lde/fabmax/kool/physics/RigidDynamic;Lde/fabmax/kool/math/Vec3f;Lde/fabmax/kool/math/QuatF;ILjava/lang/Object;)V+34
j  PongDemo.PongPaddle.update()V+42
j  PongDemo.GameLogic.update()V+12
j  PongDemo.PongDemo.launchApp$lambda$2$lambda$1(LPongDemo/PongDemo;Lde/fabmax/kool/pipeline/RenderPass$UpdateEvent;)Lkotlin/Unit;+18
j  PongDemo.PongDemo$$Lambda$184+0x000000080114e808.invoke(Ljava/lang/Object;)Ljava/lang/Object;+8
j  de.fabmax.kool.scene.Node.update(Lde/fabmax/kool/pipeline/RenderPass$UpdateEvent;)V+53
j  de.fabmax.kool.scene.Scene.update(Lde/fabmax/kool/pipeline/RenderPass$UpdateEvent;)V+17
j  de.fabmax.kool.pipeline.RenderPass$View.update$kool_core(Lde/fabmax/kool/KoolContext;)V+24
j  de.fabmax.kool.pipeline.RenderPass.update(Lde/fabmax/kool/KoolContext;)V+70
j  de.fabmax.kool.scene.Scene$SceneRenderPass.update(Lde/fabmax/kool/KoolContext;)V+40
j  de.fabmax.kool.scene.Scene.renderScene(Lde/fabmax/kool/KoolContext;)V+63
j  de.fabmax.kool.KoolContext.render(D)V+284
j  de.fabmax.kool.platform.Lwjgl3Context.renderFrame$kool_core()V+51
j  de.fabmax.kool.platform.Lwjgl3Context.run()V+38
j  de.fabmax.kool.Platform_desktopKt.KoolApplication(Lde/fabmax/kool/platform/Lwjgl3Context;Lkotlin/jvm/functions/Function2;)V+61
j  de.fabmax.kool.Platform_desktopKt.KoolApplication(Lde/fabmax/kool/KoolConfigJvm;Lkotlin/jvm/functions/Function2;)V+17
j  LauncherKt.main()V+40
j  LauncherKt.main([Ljava/lang/String;)V+0
v  ~StubRoutines::call_stub 0x000001738f3d10e8

siginfo: EXCEPTION_ACCESS_VIOLATION (0xc0000005), reading address 0x0000000000001b58


Registers:
RAX=0x0000000000000000, RBX=0x00000173a707e190, RCX=0x00000173a707e1e0, RDX=0x0000003a1d9fea70
RSP=0x0000003a1d9fea40, RBP=0x0000003a1d9febc8, RSI=0x0000000000000110, RDI=0x0000000000000221
R8 =0x00000173a707e190, R9 =0x00000173a60b4450, R10=0x000001738f3efa2e, R11=0x000000071248be40
R12=0x0000000000000000, R13=0x00000173a2423470, R14=0x0000003a1d9fec00, R15=0x00000173fe31f970
RIP=0x00007ffd60fa4e42, EFLAGS=0x0000000000010202


Register to memory mapping:

RIP=0x00007ffd60fa4e42 PhysX_64.dll
RAX=0x0 is NULL
RBX=0x00000173a707e190 points into unknown readable memory: 0x00007ffd61120988 | 88 09 12 61 fd 7f 00 00
RCX=0x00000173a707e1e0 points into unknown readable memory: 0x0000000000000000 | 00 00 00 00 00 00 00 00
RDX=0x0000003a1d9fea70 is pointing into the stack for thread: 0x00000173fe31f970
RSP=0x0000003a1d9fea40 is pointing into the stack for thread: 0x00000173fe31f970
RBP=0x0000003a1d9febc8 is pointing into the stack for thread: 0x00000173fe31f970
RSI=0x0000000000000110 is an unknown value
RDI=0x0000000000000221 is an unknown value
R8 =0x00000173a707e190 points into unknown readable memory: 0x00007ffd61120988 | 88 09 12 61 fd 7f 00 00
R9 =0x00000173a60b4450 points into unknown readable memory: 0x0000000000000000 | 00 00 00 00 00 00 00 00
R10=0x000001738f3efa2e is at code_begin+1006 in an Interpreter codelet
method entry point (kind = native)  [0x000001738f3ef640, 0x000001738f3f0250]  3088 bytes
R11=0x000000071248be40 is an oop: java.lang.Class 
{0x000000071248be40} - klass: 'java/lang/Class'
 - ---- fields (total size 15 words):
 - private volatile transient 'classRedefinedCount' 'I' @12  0
 - abstract internal 'klass' 'J' @16  34377557608 (10fe668 8)
 - abstract internal 'array_klass' 'J' @24  0 (0 0)
 - abstract internal 'oop_size' 'I' @32  15 (f)
 - abstract internal 'static_oop_field_count' 'I' @36  0
 - private volatile transient 'cachedConstructor' 'Ljava/lang/reflect/Constructor;' @40  NULL (0)
 - private transient 'name' 'Ljava/lang/String;' @44  "physx.physics.PxRigidDynamic"{0x000000071248bec8} (e24917d9)
 - private transient 'module' 'Ljava/lang/Module;' @48  a 'java/lang/Module'{0x0000000711c164a0} (e2382c94)
 - private final 'classLoader' 'Ljava/lang/ClassLoader;' @52  a 'jdk/internal/loader/ClassLoaders$AppClassLoader'{0x0000000711c15550} (e2382aaa)
 - private transient 'classData' 'Ljava/lang/Object;' @56  NULL (0)
 - private transient 'packageName' 'Ljava/lang/String;' @60  "physx.physics"{0x00000007129d52a0} (e253aa54)
 - private final 'componentType' 'Ljava/lang/Class;' @64  NULL (0)
 - private volatile transient 'reflectionData' 'Ljava/lang/ref/SoftReference;' @68  NULL (0)
 - private volatile transient 'genericInfo' 'Lsun/reflect/generics/repository/ClassRepository;' @72  NULL (0)
 - private volatile transient 'enumConstants' '[Ljava/lang/Object;' @76  NULL (0)
 - private volatile transient 'enumConstantDirectory' 'Ljava/util/Map;' @80  NULL (0)
 - private volatile transient 'annotationData' 'Ljava/lang/Class$AnnotationData;' @84  NULL (0)
 - private volatile transient 'annotationType' 'Lsun/reflect/annotation/AnnotationType;' @88  NULL (0)
 - transient 'classValueMap' 'Ljava/lang/ClassValue$ClassValueMap;' @92  NULL (0)
 - abstract internal 'protection_domain' 'Ljava/lang/Object;' @96  a 'java/security/ProtectionDomain'{0x00000007129db990} (e253b732)
 - abstract internal 'signers_name' 'Ljava/lang/Object;' @100  NULL (0)
 - abstract internal 'source_file' 'Ljava/lang/Object;' @104  NULL (0)
 - signature: Lphysx/physics/PxRigidDynamic;
 - ---- static fields (0):
 - public static final 'SIZEOF' 'I' @112  24 (18)
 - public static final 'ALIGNOF' 'I' @116  8
R12=0x0 is NULL
R13={method} {0x00000173a2423478} '_setKinematicTarget' '(JJ)V' in 'physx/physics/PxRigidDynamic'
R14=0x0000003a1d9fec00 is pointing into the stack for thread: 0x00000173fe31f970
R15=0x00000173fe31f970 is a thread


Top of Stack: (sp=0x0000003a1d9fea40)
0x0000003a1d9fea40:   00000173a162b880 000000000000000d
0x0000003a1d9fea50:   0000000000000007 0000000000000001
0x0000003a1d9fea60:   00000173a24233b0 0000000000000000
0x0000003a1d9fea70:   0000000000000000 3f80000000000000
0x0000003a1d9fea80:   00000000c2200000 00007ffd00000000
0x0000003a1d9fea90:   0000000000000000 0000000000000000
0x0000003a1d9feaa0:   0000000000000000 0000000000000000
0x0000003a1d9feab0:   0000000000000000 0000000000000000
0x0000003a1d9feac0:   0000000000000000 0000000000000000
0x0000003a1d9fead0:   0000000000000000 0000000000000000
0x0000003a1d9feae0:   0000000000000000 0000000000000000
0x0000003a1d9feaf0:   0000000000000000 0000000000000000
0x0000003a1d9feb00:   0000000000000000 0000000000000000
0x0000003a1d9feb10:   3eb9591af7d66a5c 0000000000000000
0x0000003a1d9feb20:   3c3c2300696db532 0000000000000000
0x0000003a1d9feb30:   00000173a2423470 000001738f3efa5d 

Instructions: (pc=0x00007ffd60fa4e42)
0x00007ffd60fa4d42:   01 00 00 f3 0f 58 d0 f3 0f 59 ce 41 0f 28 c6 f3
0x00007ffd60fa4d52:   0f 59 c5 f3 0f 58 d1 41 0f 28 ce f3 0f 59 ce f3
0x00007ffd60fa4d62:   0f 5c d0 0f 28 c4 f3 0f 59 c5 f3 0f 5c d8 f3 0f
0x00007ffd60fa4d72:   11 54 24 38 41 0f 28 c7 41 0f 28 d6 f3 0f 59 c7
0x00007ffd60fa4d82:   f3 41 0f 59 d3 f3 0f 5c d9 0f 28 cc f3 41 0f 59
0x00007ffd60fa4d92:   c8 f3 0f 5c d8 41 0f 28 c7 f3 41 0f 59 c1 f3 0f
0x00007ffd60fa4da2:   5c d0 f3 0f 11 5c 24 3c 41 0f 28 c2 41 0f 28 df
0x00007ffd60fa4db2:   f3 41 0f 59 c4 f3 41 0f 59 dc f3 41 0f 59 d5 f3
0x00007ffd60fa4dc2:   45 0f 59 f8 f3 0f 58 d0 0f 28 c4 f3 41 0f 59 e1
0x00007ffd60fa4dd2:   f3 41 0f 59 c3 f3 0f 58 d1 41 0f 28 ce f3 45 0f
0x00007ffd60fa4de2:   59 f4 f3 0f 5c d8 f3 41 0f 59 c8 f3 41 0f 5c e6
0x00007ffd60fa4df2:   41 0f 28 c2 f3 45 0f 59 d3 f3 0f 58 52 10 f3 41
0x00007ffd60fa4e02:   0f 59 dd f3 41 0f 59 e5 f3 41 0f 59 c1 f3 41 0f
0x00007ffd60fa4e12:   58 e2 f3 0f 11 54 24 40 f3 0f 58 d8 f3 41 0f 58
0x00007ffd60fa4e22:   e7 f3 0f 58 d9 f3 0f 58 62 18 f3 0f 58 5a 14 48
0x00007ffd60fa4e32:   8d 54 24 30 f3 0f 11 64 24 48 f3 0f 11 5c 24 44
0x00007ffd60fa4e42:   f3 0f 10 90 58 1b 00 00 e8 21 09 0f 00 f6 43 7c
0x00007ffd60fa4e52:   02 44 0f 28 7c 24 50 44 0f 28 74 24 60 44 0f 28
0x00007ffd60fa4e62:   6c 24 70 44 0f 28 a4 24 80 00 00 00 44 0f 28 9c
0x00007ffd60fa4e72:   24 90 00 00 00 44 0f 28 94 24 a0 00 00 00 44 0f
0x00007ffd60fa4e82:   28 8c 24 b0 00 00 00 44 0f 28 84 24 c0 00 00 00
0x00007ffd60fa4e92:   0f 28 bc 24 d0 00 00 00 0f 28 b4 24 e0 00 00 00
0x00007ffd60fa4ea2:   74 19 48 8b 53 18 48 85 d2 74 10 48 8b 52 18 48
0x00007ffd60fa4eb2:   8d 4b 38 4c 8b c3 e8 a3 85 01 00 48 81 c4 f0 00
0x00007ffd60fa4ec2:   00 00 5b c3 cc cc cc cc cc cc cc cc cc cc 48 83
0x00007ffd60fa4ed2:   ec 38 48 8b 41 18 48 85 c0 74 3b 80 b8 3a 04 00
0x00007ffd60fa4ee2:   00 00 74 32 e8 77 9c 12 00 48 8d 0d be cd 17 00
0x00007ffd60fa4ef2:   41 b9 54 03 00 00 48 89 4c 24 20 4c 8d 05 ec cc
0x00007ffd60fa4f02:   17 00 ba 08 00 00 00 48 8b c8 4c 8b 10 41 ff 52
0x00007ffd60fa4f12:   60 48 83 c4 38 c3 48 83 c1 50 48 83 c4 38 e9 ab
0x00007ffd60fa4f22:   08 0f 00 cc cc cc cc cc cc cc cc cc cc cc 48 89
0x00007ffd60fa4f32:   5c 24 10 48 89 6c 24 18 48 89 74 24 20 57 48 83 


Stack slot to memory mapping:
stack at sp + 0 slots: 0x00000173a162b880 points into unknown readable memory: 0x00000173a58901c0 | c0 01 89 a5 73 01 00 00
stack at sp + 1 slots: 0x000000000000000d is an unknown value
stack at sp + 2 slots: 0x0000000000000007 is an unknown value
stack at sp + 3 slots: 0x0000000000000001 is an unknown value
stack at sp + 4 slots: 0x00000173a24233b0 is pointing into metadata
stack at sp + 5 slots: 0x0 is NULL
stack at sp + 6 slots: 0x0 is NULL
stack at sp + 7 slots: 0x3f80000000000000 is an unknown value


---------------  P R O C E S S  ---------------

Threads class SMR info:
_java_thread_list=0x00000173a5d8b390, length=14, elements={
0x00000173fe31f970, 0x00000173a1637500, 0x00000173a16381e0, 0x00000173a163b230,
0x00000173a163cc60, 0x00000173a16436a0, 0x00000173a1644fe0, 0x00000173a164b150,
0x00000173a1655ae0, 0x00000173a1668c20, 0x00000173a5910290, 0x00000173a591b7c0,
0x00000173a5b46e80, 0x00000173a5da5bb0
}

Java Threads: ( => current thread )
=>0x00000173fe31f970 JavaThread "main" [_thread_in_native, id=6904, stack(0x0000003a1d900000,0x0000003a1da00000)]
  0x00000173a1637500 JavaThread "Reference Handler" daemon [_thread_blocked, id=11780, stack(0x0000003a1e000000,0x0000003a1e100000)]
  0x00000173a16381e0 JavaThread "Finalizer" daemon [_thread_blocked, id=9612, stack(0x0000003a1e100000,0x0000003a1e200000)]
  0x00000173a163b230 JavaThread "Signal Dispatcher" daemon [_thread_blocked, id=11452, stack(0x0000003a1e200000,0x0000003a1e300000)]
  0x00000173a163cc60 JavaThread "Attach Listener" daemon [_thread_blocked, id=11240, stack(0x0000003a1e300000,0x0000003a1e400000)]
  0x00000173a16436a0 JavaThread "Service Thread" daemon [_thread_blocked, id=17596, stack(0x0000003a1e400000,0x0000003a1e500000)]
  0x00000173a1644fe0 JavaThread "Monitor Deflation Thread" daemon [_thread_blocked, id=18540, stack(0x0000003a1e500000,0x0000003a1e600000)]
  0x00000173a164b150 JavaThread "C2 CompilerThread0" daemon [_thread_blocked, id=7204, stack(0x0000003a1e600000,0x0000003a1e700000)]
  0x00000173a1655ae0 JavaThread "C1 CompilerThread0" daemon [_thread_blocked, id=2836, stack(0x0000003a1e700000,0x0000003a1e800000)]
  0x00000173a1668c20 JavaThread "Sweeper thread" daemon [_thread_blocked, id=15388, stack(0x0000003a1e800000,0x0000003a1e900000)]
  0x00000173a5910290 JavaThread "Notification Thread" daemon [_thread_blocked, id=13240, stack(0x0000003a1e900000,0x0000003a1ea00000)]
  0x00000173a591b7c0 JavaThread "Common-Cleaner" daemon [_thread_blocked, id=18872, stack(0x0000003a1eb00000,0x0000003a1ec00000)]
  0x00000173a5b46e80 JavaThread "C2 CompilerThread1" daemon [_thread_blocked, id=8068, stack(0x0000003a1ec00000,0x0000003a1ed00000)]
  0x00000173a5da5bb0 JavaThread "Java2D Disposer" daemon [_thread_blocked, id=7720, stack(0x0000003a1ed00000,0x0000003a1ee00000)]

Other Threads:
  0x00000173a1623840 VMThread "VM Thread" [stack: 0x0000003a1df00000,0x0000003a1e000000] [id=15056]
  0x00000173a166ecf0 WatcherThread "VM Periodic Task Thread" [stack: 0x0000003a1ea00000,0x0000003a1eb00000] [id=15040]
  0x00000173fe392d90 WorkerThread "GC Thread#0" [stack: 0x0000003a1da00000,0x0000003a1db00000] [id=15892]
  0x00000173a6960010 WorkerThread "GC Thread#1" [stack: 0x0000003a1f100000,0x0000003a1f200000] [id=9604]
  0x00000173a695fd40 WorkerThread "GC Thread#2" [stack: 0x0000003a1f200000,0x0000003a1f300000] [id=10304]
  0x00000173a69605b0 WorkerThread "GC Thread#3" [stack: 0x0000003a1f300000,0x0000003a1f400000] [id=15532]
  0x00000173a695f200 WorkerThread "GC Thread#4" [stack: 0x0000003a1f400000,0x0000003a1f500000] [id=18180]
  0x00000173a695ef30 WorkerThread "GC Thread#5" [stack: 0x0000003a1f500000,0x0000003a1f600000] [id=16340]
  0x00000173a69602e0 WorkerThread "GC Thread#6" [stack: 0x0000003a1f600000,0x0000003a1f700000] [id=2416]
  0x00000173a6960880 WorkerThread "GC Thread#7" [stack: 0x0000003a1f700000,0x0000003a1f800000] [id=12732]
  0x00000173fe3a4a30 ConcurrentGCThread "G1 Main Marker" [stack: 0x0000003a1db00000,0x0000003a1dc00000] [id=14468]
  0x00000173fe3a5b00 WorkerThread "G1 Conc#0" [stack: 0x0000003a1dc00000,0x0000003a1dd00000] [id=11964]
  0x00000173a14da940 ConcurrentGCThread "G1 Refine#0" [stack: 0x0000003a1dd00000,0x0000003a1de00000] [id=11756]
  0x00000173a14db290 ConcurrentGCThread "G1 Service" [stack: 0x0000003a1de00000,0x0000003a1df00000] [id=10704]

Threads with active compile tasks:

VM state: not at safepoint (normal execution)

VM Mutex/Monitor currently owned by a thread: None

Heap address: 0x0000000703600000, size: 4042 MB, Compressed Oops mode: Zero based, Oop shift amount: 3

CDS archive(s) mapped at: [0x0000000800000000-0x0000000800c40000-0x0000000800c40000), size 12845056, SharedBaseAddress: 0x0000000800000000, ArchiveRelocationMode: 0.
Compressed class space mapped at: 0x0000000801000000-0x0000000841000000, reserved size: 1073741824
Narrow klass base: 0x0000000800000000, Narrow klass shift: 0, Narrow klass range: 0x100000000

GC Precious Log:
 CardTable entry size: 512
 Card Set container configuration: InlinePtr #cards 4 size 8 Array Of Cards #cards 16 size 48 Howl #buckets 8 coarsen threshold 3686 Howl Bitmap #cards 512 size 80 coarsen threshold 460 Card regions per heap region 1 cards per card region 4096
 CPUs: 8 total, 8 available
 Memory: 16167M
 Large Page Support: Disabled
 NUMA Support: Disabled
 Compressed Oops: Enabled (Zero based)
 Heap Region Size: 2M
 Heap Min Capacity: 8M
 Heap Initial Capacity: 254M
 Heap Max Capacity: 4042M
 Pre-touch: Disabled
 Parallel Workers: 8
 Concurrent Workers: 2
 Concurrent Refinement Workers: 8
 Periodic GC: Disabled

Heap:
 garbage-first heap   total 260096K, used 28836K [0x0000000703600000, 0x0000000800000000)
  region size 2048K, 16 young (32768K), 2 survivors (4096K)
 Metaspace       used 15635K, committed 16000K, reserved 1114112K
  class space    used 1200K, committed 1344K, reserved 1048576K

Heap Regions: E=young(eden), S=young(survivor), O=old, HS=humongous(starts), HC=humongous(continues), CS=collection set, F=free, OA=open archive, CA=closed archive, TAMS=top-at-mark-start (previous, next)
|   0|0x0000000703600000, 0x0000000703629000, 0x0000000703800000|  8%| O|  |TAMS 0x0000000703600000, 0x0000000703600000| Untracked 
|   1|0x0000000703800000, 0x0000000703800000, 0x0000000703a00000|  0%| F|  |TAMS 0x0000000703800000, 0x0000000703800000| Untracked 
|   2|0x0000000703a00000, 0x0000000703a00000, 0x0000000703c00000|  0%| F|  |TAMS 0x0000000703a00000, 0x0000000703a00000| Untracked 
|   3|0x0000000703c00000, 0x0000000703c00000, 0x0000000703e00000|  0%| F|  |TAMS 0x0000000703c00000, 0x0000000703c00000| Untracked 
|   4|0x0000000703e00000, 0x0000000703e00000, 0x0000000704000000|  0%| F|  |TAMS 0x0000000703e00000, 0x0000000703e00000| Untracked 
|   5|0x0000000704000000, 0x0000000704000000, 0x0000000704200000|  0%| F|  |TAMS 0x0000000704000000, 0x0000000704000000| Untracked 
|   6|0x0000000704200000, 0x0000000704200000, 0x0000000704400000|  0%| F|  |TAMS 0x0000000704200000, 0x0000000704200000| Untracked 
|   7|0x0000000704400000, 0x0000000704400000, 0x0000000704600000|  0%| F|  |TAMS 0x0000000704400000, 0x0000000704400000| Untracked 
|   8|0x0000000704600000, 0x0000000704600000, 0x0000000704800000|  0%| F|  |TAMS 0x0000000704600000, 0x0000000704600000| Untracked 
|   9|0x0000000704800000, 0x0000000704800000, 0x0000000704a00000|  0%| F|  |TAMS 0x0000000704800000, 0x0000000704800000| Untracked 
|  10|0x0000000704a00000, 0x0000000704a00000, 0x0000000704c00000|  0%| F|  |TAMS 0x0000000704a00000, 0x0000000704a00000| Untracked 
|  11|0x0000000704c00000, 0x0000000704c00000, 0x0000000704e00000|  0%| F|  |TAMS 0x0000000704c00000, 0x0000000704c00000| Untracked 
|  12|0x0000000704e00000, 0x0000000704e00000, 0x0000000705000000|  0%| F|  |TAMS 0x0000000704e00000, 0x0000000704e00000| Untracked 
|  13|0x0000000705000000, 0x0000000705000000, 0x0000000705200000|  0%| F|  |TAMS 0x0000000705000000, 0x0000000705000000| Untracked 
|  14|0x0000000705200000, 0x0000000705200000, 0x0000000705400000|  0%| F|  |TAMS 0x0000000705200000, 0x0000000705200000| Untracked 
|  15|0x0000000705400000, 0x0000000705400000, 0x0000000705600000|  0%| F|  |TAMS 0x0000000705400000, 0x0000000705400000| Untracked 
|  16|0x0000000705600000, 0x0000000705600000, 0x0000000705800000|  0%| F|  |TAMS 0x0000000705600000, 0x0000000705600000| Untracked 
|  17|0x0000000705800000, 0x0000000705800000, 0x0000000705a00000|  0%| F|  |TAMS 0x0000000705800000, 0x0000000705800000| Untracked 
|  18|0x0000000705a00000, 0x0000000705a00000, 0x0000000705c00000|  0%| F|  |TAMS 0x0000000705a00000, 0x0000000705a00000| Untracked 
|  19|0x0000000705c00000, 0x0000000705c00000, 0x0000000705e00000|  0%| F|  |TAMS 0x0000000705c00000, 0x0000000705c00000| Untracked 
|  20|0x0000000705e00000, 0x0000000705e00000, 0x0000000706000000|  0%| F|  |TAMS 0x0000000705e00000, 0x0000000705e00000| Untracked 
|  21|0x0000000706000000, 0x0000000706000000, 0x0000000706200000|  0%| F|  |TAMS 0x0000000706000000, 0x0000000706000000| Untracked 
|  22|0x0000000706200000, 0x0000000706200000, 0x0000000706400000|  0%| F|  |TAMS 0x0000000706200000, 0x0000000706200000| Untracked 
|  23|0x0000000706400000, 0x0000000706400000, 0x0000000706600000|  0%| F|  |TAMS 0x0000000706400000, 0x0000000706400000| Untracked 
|  24|0x0000000706600000, 0x0000000706600000, 0x0000000706800000|  0%| F|  |TAMS 0x0000000706600000, 0x0000000706600000| Untracked 
|  25|0x0000000706800000, 0x0000000706800000, 0x0000000706a00000|  0%| F|  |TAMS 0x0000000706800000, 0x0000000706800000| Untracked 
|  26|0x0000000706a00000, 0x0000000706a00000, 0x0000000706c00000|  0%| F|  |TAMS 0x0000000706a00000, 0x0000000706a00000| Untracked 
|  27|0x0000000706c00000, 0x0000000706c00000, 0x0000000706e00000|  0%| F|  |TAMS 0x0000000706c00000, 0x0000000706c00000| Untracked 
|  28|0x0000000706e00000, 0x0000000706e00000, 0x0000000707000000|  0%| F|  |TAMS 0x0000000706e00000, 0x0000000706e00000| Untracked 
|  29|0x0000000707000000, 0x0000000707000000, 0x0000000707200000|  0%| F|  |TAMS 0x0000000707000000, 0x0000000707000000| Untracked 
|  30|0x0000000707200000, 0x0000000707200000, 0x0000000707400000|  0%| F|  |TAMS 0x0000000707200000, 0x0000000707200000| Untracked 
|  31|0x0000000707400000, 0x0000000707400000, 0x0000000707600000|  0%| F|  |TAMS 0x0000000707400000, 0x0000000707400000| Untracked 
|  32|0x0000000707600000, 0x0000000707600000, 0x0000000707800000|  0%| F|  |TAMS 0x0000000707600000, 0x0000000707600000| Untracked 
|  33|0x0000000707800000, 0x0000000707800000, 0x0000000707a00000|  0%| F|  |TAMS 0x0000000707800000, 0x0000000707800000| Untracked 
|  34|0x0000000707a00000, 0x0000000707a00000, 0x0000000707c00000|  0%| F|  |TAMS 0x0000000707a00000, 0x0000000707a00000| Untracked 
|  35|0x0000000707c00000, 0x0000000707c00000, 0x0000000707e00000|  0%| F|  |TAMS 0x0000000707c00000, 0x0000000707c00000| Untracked 
|  36|0x0000000707e00000, 0x0000000707e00000, 0x0000000708000000|  0%| F|  |TAMS 0x0000000707e00000, 0x0000000707e00000| Untracked 
|  37|0x0000000708000000, 0x0000000708000000, 0x0000000708200000|  0%| F|  |TAMS 0x0000000708000000, 0x0000000708000000| Untracked 
|  38|0x0000000708200000, 0x0000000708200000, 0x0000000708400000|  0%| F|  |TAMS 0x0000000708200000, 0x0000000708200000| Untracked 
|  39|0x0000000708400000, 0x0000000708400000, 0x0000000708600000|  0%| F|  |TAMS 0x0000000708400000, 0x0000000708400000| Untracked 
|  40|0x0000000708600000, 0x0000000708600000, 0x0000000708800000|  0%| F|  |TAMS 0x0000000708600000, 0x0000000708600000| Untracked 
|  41|0x0000000708800000, 0x0000000708800000, 0x0000000708a00000|  0%| F|  |TAMS 0x0000000708800000, 0x0000000708800000| Untracked 
|  42|0x0000000708a00000, 0x0000000708a00000, 0x0000000708c00000|  0%| F|  |TAMS 0x0000000708a00000, 0x0000000708a00000| Untracked 
|  43|0x0000000708c00000, 0x0000000708c00000, 0x0000000708e00000|  0%| F|  |TAMS 0x0000000708c00000, 0x0000000708c00000| Untracked 
|  44|0x0000000708e00000, 0x0000000708e00000, 0x0000000709000000|  0%| F|  |TAMS 0x0000000708e00000, 0x0000000708e00000| Untracked 
|  45|0x0000000709000000, 0x0000000709000000, 0x0000000709200000|  0%| F|  |TAMS 0x0000000709000000, 0x0000000709000000| Untracked 
|  46|0x0000000709200000, 0x0000000709200000, 0x0000000709400000|  0%| F|  |TAMS 0x0000000709200000, 0x0000000709200000| Untracked 
|  47|0x0000000709400000, 0x0000000709400000, 0x0000000709600000|  0%| F|  |TAMS 0x0000000709400000, 0x0000000709400000| Untracked 
|  48|0x0000000709600000, 0x0000000709600000, 0x0000000709800000|  0%| F|  |TAMS 0x0000000709600000, 0x0000000709600000| Untracked 
|  49|0x0000000709800000, 0x0000000709800000, 0x0000000709a00000|  0%| F|  |TAMS 0x0000000709800000, 0x0000000709800000| Untracked 
|  50|0x0000000709a00000, 0x0000000709a00000, 0x0000000709c00000|  0%| F|  |TAMS 0x0000000709a00000, 0x0000000709a00000| Untracked 
|  51|0x0000000709c00000, 0x0000000709c00000, 0x0000000709e00000|  0%| F|  |TAMS 0x0000000709c00000, 0x0000000709c00000| Untracked 
|  52|0x0000000709e00000, 0x0000000709e00000, 0x000000070a000000|  0%| F|  |TAMS 0x0000000709e00000, 0x0000000709e00000| Untracked 
|  53|0x000000070a000000, 0x000000070a000000, 0x000000070a200000|  0%| F|  |TAMS 0x000000070a000000, 0x000000070a000000| Untracked 
|  54|0x000000070a200000, 0x000000070a200000, 0x000000070a400000|  0%| F|  |TAMS 0x000000070a200000, 0x000000070a200000| Untracked 
|  55|0x000000070a400000, 0x000000070a400000, 0x000000070a600000|  0%| F|  |TAMS 0x000000070a400000, 0x000000070a400000| Untracked 
|  56|0x000000070a600000, 0x000000070a600000, 0x000000070a800000|  0%| F|  |TAMS 0x000000070a600000, 0x000000070a600000| Untracked 
|  57|0x000000070a800000, 0x000000070a800000, 0x000000070aa00000|  0%| F|  |TAMS 0x000000070a800000, 0x000000070a800000| Untracked 
|  58|0x000000070aa00000, 0x000000070aa00000, 0x000000070ac00000|  0%| F|  |TAMS 0x000000070aa00000, 0x000000070aa00000| Untracked 
|  59|0x000000070ac00000, 0x000000070ac00000, 0x000000070ae00000|  0%| F|  |TAMS 0x000000070ac00000, 0x000000070ac00000| Untracked 
|  60|0x000000070ae00000, 0x000000070ae00000, 0x000000070b000000|  0%| F|  |TAMS 0x000000070ae00000, 0x000000070ae00000| Untracked 
|  61|0x000000070b000000, 0x000000070b000000, 0x000000070b200000|  0%| F|  |TAMS 0x000000070b000000, 0x000000070b000000| Untracked 
|  62|0x000000070b200000, 0x000000070b200000, 0x000000070b400000|  0%| F|  |TAMS 0x000000070b200000, 0x000000070b200000| Untracked 
|  63|0x000000070b400000, 0x000000070b400000, 0x000000070b600000|  0%| F|  |TAMS 0x000000070b400000, 0x000000070b400000| Untracked 
|  64|0x000000070b600000, 0x000000070b600000, 0x000000070b800000|  0%| F|  |TAMS 0x000000070b600000, 0x000000070b600000| Untracked 
|  65|0x000000070b800000, 0x000000070b800000, 0x000000070ba00000|  0%| F|  |TAMS 0x000000070b800000, 0x000000070b800000| Untracked 
|  66|0x000000070ba00000, 0x000000070ba00000, 0x000000070bc00000|  0%| F|  |TAMS 0x000000070ba00000, 0x000000070ba00000| Untracked 
|  67|0x000000070bc00000, 0x000000070bc00000, 0x000000070be00000|  0%| F|  |TAMS 0x000000070bc00000, 0x000000070bc00000| Untracked 
|  68|0x000000070be00000, 0x000000070be00000, 0x000000070c000000|  0%| F|  |TAMS 0x000000070be00000, 0x000000070be00000| Untracked 
|  69|0x000000070c000000, 0x000000070c000000, 0x000000070c200000|  0%| F|  |TAMS 0x000000070c000000, 0x000000070c000000| Untracked 
|  70|0x000000070c200000, 0x000000070c200000, 0x000000070c400000|  0%| F|  |TAMS 0x000000070c200000, 0x000000070c200000| Untracked 
|  71|0x000000070c400000, 0x000000070c400000, 0x000000070c600000|  0%| F|  |TAMS 0x000000070c400000, 0x000000070c400000| Untracked 
|  72|0x000000070c600000, 0x000000070c600000, 0x000000070c800000|  0%| F|  |TAMS 0x000000070c600000, 0x000000070c600000| Untracked 
|  73|0x000000070c800000, 0x000000070c800000, 0x000000070ca00000|  0%| F|  |TAMS 0x000000070c800000, 0x000000070c800000| Untracked 
|  74|0x000000070ca00000, 0x000000070ca00000, 0x000000070cc00000|  0%| F|  |TAMS 0x000000070ca00000, 0x000000070ca00000| Untracked 
|  75|0x000000070cc00000, 0x000000070cc00000, 0x000000070ce00000|  0%| F|  |TAMS 0x000000070cc00000, 0x000000070cc00000| Untracked 
|  76|0x000000070ce00000, 0x000000070ce00000, 0x000000070d000000|  0%| F|  |TAMS 0x000000070ce00000, 0x000000070ce00000| Untracked 
|  77|0x000000070d000000, 0x000000070d000000, 0x000000070d200000|  0%| F|  |TAMS 0x000000070d000000, 0x000000070d000000| Untracked 
|  78|0x000000070d200000, 0x000000070d200000, 0x000000070d400000|  0%| F|  |TAMS 0x000000070d200000, 0x000000070d200000| Untracked 
|  79|0x000000070d400000, 0x000000070d400000, 0x000000070d600000|  0%| F|  |TAMS 0x000000070d400000, 0x000000070d400000| Untracked 
|  80|0x000000070d600000, 0x000000070d600000, 0x000000070d800000|  0%| F|  |TAMS 0x000000070d600000, 0x000000070d600000| Untracked 
|  81|0x000000070d800000, 0x000000070d800000, 0x000000070da00000|  0%| F|  |TAMS 0x000000070d800000, 0x000000070d800000| Untracked 
|  82|0x000000070da00000, 0x000000070da00000, 0x000000070dc00000|  0%| F|  |TAMS 0x000000070da00000, 0x000000070da00000| Untracked 
|  83|0x000000070dc00000, 0x000000070dc00000, 0x000000070de00000|  0%| F|  |TAMS 0x000000070dc00000, 0x000000070dc00000| Untracked 
|  84|0x000000070de00000, 0x000000070de00000, 0x000000070e000000|  0%| F|  |TAMS 0x000000070de00000, 0x000000070de00000| Untracked 
|  85|0x000000070e000000, 0x000000070e000000, 0x000000070e200000|  0%| F|  |TAMS 0x000000070e000000, 0x000000070e000000| Untracked 
|  86|0x000000070e200000, 0x000000070e200000, 0x000000070e400000|  0%| F|  |TAMS 0x000000070e200000, 0x000000070e200000| Untracked 
|  87|0x000000070e400000, 0x000000070e400000, 0x000000070e600000|  0%| F|  |TAMS 0x000000070e400000, 0x000000070e400000| Untracked 
|  88|0x000000070e600000, 0x000000070e600000, 0x000000070e800000|  0%| F|  |TAMS 0x000000070e600000, 0x000000070e600000| Untracked 
|  89|0x000000070e800000, 0x000000070e800000, 0x000000070ea00000|  0%| F|  |TAMS 0x000000070e800000, 0x000000070e800000| Untracked 
|  90|0x000000070ea00000, 0x000000070ea00000, 0x000000070ec00000|  0%| F|  |TAMS 0x000000070ea00000, 0x000000070ea00000| Untracked 
|  91|0x000000070ec00000, 0x000000070ec00000, 0x000000070ee00000|  0%| F|  |TAMS 0x000000070ec00000, 0x000000070ec00000| Untracked 
|  92|0x000000070ee00000, 0x000000070ee00000, 0x000000070f000000|  0%| F|  |TAMS 0x000000070ee00000, 0x000000070ee00000| Untracked 
|  93|0x000000070f000000, 0x000000070f000000, 0x000000070f200000|  0%| F|  |TAMS 0x000000070f000000, 0x000000070f000000| Untracked 
|  94|0x000000070f200000, 0x000000070f200000, 0x000000070f400000|  0%| F|  |TAMS 0x000000070f200000, 0x000000070f200000| Untracked 
|  95|0x000000070f400000, 0x000000070f400000, 0x000000070f600000|  0%| F|  |TAMS 0x000000070f400000, 0x000000070f400000| Untracked 
|  96|0x000000070f600000, 0x000000070f600000, 0x000000070f800000|  0%| F|  |TAMS 0x000000070f600000, 0x000000070f600000| Untracked 
|  97|0x000000070f800000, 0x000000070f800000, 0x000000070fa00000|  0%| F|  |TAMS 0x000000070f800000, 0x000000070f800000| Untracked 
|  98|0x000000070fa00000, 0x000000070fa00000, 0x000000070fc00000|  0%| F|  |TAMS 0x000000070fa00000, 0x000000070fa00000| Untracked 
|  99|0x000000070fc00000, 0x000000070fc00000, 0x000000070fe00000|  0%| F|  |TAMS 0x000000070fc00000, 0x000000070fc00000| Untracked 
| 100|0x000000070fe00000, 0x000000070fe00000, 0x0000000710000000|  0%| F|  |TAMS 0x000000070fe00000, 0x000000070fe00000| Untracked 
| 101|0x0000000710000000, 0x0000000710000000, 0x0000000710200000|  0%| F|  |TAMS 0x0000000710000000, 0x0000000710000000| Untracked 
| 102|0x0000000710200000, 0x0000000710200000, 0x0000000710400000|  0%| F|  |TAMS 0x0000000710200000, 0x0000000710200000| Untracked 
| 103|0x0000000710400000, 0x0000000710400000, 0x0000000710600000|  0%| F|  |TAMS 0x0000000710400000, 0x0000000710400000| Untracked 
| 104|0x0000000710600000, 0x0000000710600000, 0x0000000710800000|  0%| F|  |TAMS 0x0000000710600000, 0x0000000710600000| Untracked 
| 105|0x0000000710800000, 0x0000000710800000, 0x0000000710a00000|  0%| F|  |TAMS 0x0000000710800000, 0x0000000710800000| Untracked 
| 106|0x0000000710a00000, 0x0000000710a00000, 0x0000000710c00000|  0%| F|  |TAMS 0x0000000710a00000, 0x0000000710a00000| Untracked 
| 107|0x0000000710c00000, 0x0000000710c00000, 0x0000000710e00000|  0%| F|  |TAMS 0x0000000710c00000, 0x0000000710c00000| Untracked 
| 108|0x0000000710e00000, 0x0000000710e00000, 0x0000000711000000|  0%| F|  |TAMS 0x0000000710e00000, 0x0000000710e00000| Untracked 
| 109|0x0000000711000000, 0x0000000711000000, 0x0000000711200000|  0%| F|  |TAMS 0x0000000711000000, 0x0000000711000000| Untracked 
| 110|0x0000000711200000, 0x0000000711200000, 0x0000000711400000|  0%| F|  |TAMS 0x0000000711200000, 0x0000000711200000| Untracked 
| 111|0x0000000711400000, 0x0000000711560a00, 0x0000000711600000| 68%| E|  |TAMS 0x0000000711400000, 0x0000000711400000| Complete 
| 112|0x0000000711600000, 0x0000000711800000, 0x0000000711800000|100%| E|CS|TAMS 0x0000000711600000, 0x0000000711600000| Complete 
| 113|0x0000000711800000, 0x0000000711a00000, 0x0000000711a00000|100%| E|CS|TAMS 0x0000000711800000, 0x0000000711800000| Complete 
| 114|0x0000000711a00000, 0x0000000711c00000, 0x0000000711c00000|100%| S|CS|TAMS 0x0000000711a00000, 0x0000000711a00000| Complete 
| 115|0x0000000711c00000, 0x0000000711e00000, 0x0000000711e00000|100%| S|CS|TAMS 0x0000000711c00000, 0x0000000711c00000| Complete 
| 116|0x0000000711e00000, 0x0000000712000000, 0x0000000712000000|100%| E|CS|TAMS 0x0000000711e00000, 0x0000000711e00000| Complete 
| 117|0x0000000712000000, 0x0000000712200000, 0x0000000712200000|100%| E|CS|TAMS 0x0000000712000000, 0x0000000712000000| Complete 
| 118|0x0000000712200000, 0x0000000712400000, 0x0000000712400000|100%| E|CS|TAMS 0x0000000712200000, 0x0000000712200000| Complete 
| 119|0x0000000712400000, 0x0000000712600000, 0x0000000712600000|100%| E|CS|TAMS 0x0000000712400000, 0x0000000712400000| Complete 
| 120|0x0000000712600000, 0x0000000712800000, 0x0000000712800000|100%| E|CS|TAMS 0x0000000712600000, 0x0000000712600000| Complete 
| 121|0x0000000712800000, 0x0000000712a00000, 0x0000000712a00000|100%| E|CS|TAMS 0x0000000712800000, 0x0000000712800000| Complete 
| 122|0x0000000712a00000, 0x0000000712c00000, 0x0000000712c00000|100%| E|CS|TAMS 0x0000000712a00000, 0x0000000712a00000| Complete 
| 123|0x0000000712c00000, 0x0000000712e00000, 0x0000000712e00000|100%| E|CS|TAMS 0x0000000712c00000, 0x0000000712c00000| Complete 
| 124|0x0000000712e00000, 0x0000000713000000, 0x0000000713000000|100%| E|CS|TAMS 0x0000000712e00000, 0x0000000712e00000| Complete 
| 125|0x0000000713000000, 0x0000000713200000, 0x0000000713200000|100%| E|  |TAMS 0x0000000713000000, 0x0000000713000000| Complete 
| 126|0x0000000713200000, 0x0000000713400000, 0x0000000713400000|100%| E|CS|TAMS 0x0000000713200000, 0x0000000713200000| Complete 

Card table byte_map: [0x00000173feef0000,0x00000173ff6e0000] _byte_map_base: 0x00000173fb6d5000

Marking Bits (Prev, Next): (CMBitMap*) 0x00000173fe3932c0, (CMBitMap*) 0x00000173fe393300
 Prev Bits: [0x0000017396ea0000, 0x000001739adc8000)
 Next Bits: [0x000001739add0000, 0x000001739ecf8000)

Polling page: 0x00000173fc2e0000

Metaspace:

Usage:
  Non-class:     14.10 MB used.
      Class:      1.17 MB used.
       Both:     15.27 MB used.

Virtual space:
  Non-class space:       64.00 MB reserved,      14.31 MB ( 22%) committed,  1 nodes.
      Class space:        1.00 GB reserved,       1.31 MB ( <1%) committed,  1 nodes.
             Both:        1.06 GB reserved,      15.62 MB (  1%) committed. 

Chunk freelists:
   Non-Class:  1.53 MB
       Class:  2.69 MB
        Both:  4.23 MB

MaxMetaspaceSize: unlimited
CompressedClassSpaceSize: 1.00 GB
Initial GC threshold: 21.00 MB
Current GC threshold: 21.00 MB
CDS: on
MetaspaceReclaimPolicy: balanced
 - commit_granule_bytes: 65536.
 - commit_granule_words: 8192.
 - virtual_space_node_default_size: 8388608.
 - enlarge_chunks_in_place: 1.
 - new_chunks_are_fully_committed: 0.
 - uncommit_free_chunks: 1.
 - use_allocation_guard: 0.


Internal statistics:

num_allocs_failed_limit: 0.
num_arena_births: 474.
num_arena_deaths: 0.
num_vsnodes_births: 2.
num_vsnodes_deaths: 0.
num_space_committed: 248.
num_space_uncommitted: 0.
num_chunks_returned_to_freelist: 0.
num_chunks_taken_from_freelist: 941.
num_chunk_merges: 0.
num_chunk_splits: 681.
num_chunks_enlarged: 501.
num_inconsistent_stats: 0.

CodeHeap 'non-profiled nmethods': size=120000Kb used=712Kb max_used=712Kb free=119287Kb
 bounds [0x000001738f970000, 0x000001738fbe0000, 0x0000017396ea0000]
CodeHeap 'profiled nmethods': size=120000Kb used=3283Kb max_used=3283Kb free=116716Kb
 bounds [0x0000017387ea0000, 0x00000173881e0000, 0x000001738f3d0000]
CodeHeap 'non-nmethods': size=5760Kb used=1926Kb max_used=1955Kb free=3834Kb
 bounds [0x000001738f3d0000, 0x000001738f640000, 0x000001738f970000]
 total_blobs=3252 nmethods=1927 adapters=1236
 compilation: enabled
              stopped_count=0, restarted_count=0
 full_count=0

Compilation events (20 events):
Event: 1.246 Thread 0x00000173a1655ae0 nmethod 1913 0x00000173881cdd10 code [0x00000173881ce000, 0x00000173881cf378]
Event: 1.247 Thread 0x00000173a1655ae0 1918       3       java.util.ArrayList::<init> (61 bytes)
Event: 1.247 Thread 0x00000173a1655ae0 nmethod 1918 0x00000173881cf890 code [0x00000173881cfae0, 0x00000173881d03c8]
Event: 1.247 Thread 0x00000173a1655ae0 1920       3       de.fabmax.kool.modules.ksl.lang.KslDeclareVar::<init> (82 bytes)
Event: 1.248 Thread 0x00000173a1655ae0 nmethod 1920 0x00000173881d0710 code [0x00000173881d0a20, 0x00000173881d1a08]
Event: 1.248 Thread 0x00000173a1655ae0 1922       3       de.fabmax.kool.modules.ksl.lang.KslExpressionMathVector::<init> (35 bytes)
Event: 1.249 Thread 0x00000173a164b150 nmethod 1921 0x000001738fa21810 code [0x000001738fa219a0, 0x000001738fa21c38]
Event: 1.250 Thread 0x00000173a1655ae0 nmethod 1922 0x00000173881d1f90 code [0x00000173881d2320, 0x00000173881d3748]
Event: 1.250 Thread 0x00000173a1655ae0 1926       3       java.lang.ref.Reference::clear (5 bytes)
Event: 1.250 Thread 0x00000173a1655ae0 nmethod 1926 0x00000173881d3e10 code [0x00000173881d3fc0, 0x00000173881d4108]
Event: 1.250 Thread 0x00000173a1655ae0 1925       1       java.lang.Long::longValue (5 bytes)
Event: 1.250 Thread 0x00000173a1655ae0 nmethod 1925 0x000001738fa21d10 code [0x000001738fa21ea0, 0x000001738fa21f58]
Event: 1.250 Thread 0x00000173a1655ae0 1923       3       java.util.HashSet::size (8 bytes)
Event: 1.250 Thread 0x00000173a1655ae0 nmethod 1923 0x00000173881d4190 code [0x00000173881d4320, 0x00000173881d44d8]
Event: 1.250 Thread 0x00000173a1655ae0 1924       3       de.fabmax.kool.modules.ksl.lang.KslVectorAccessor::collectStateDependencies (10 bytes)
Event: 1.250 Thread 0x00000173a1655ae0 nmethod 1924 0x00000173881d4590 code [0x00000173881d4740, 0x00000173881d4928]
Event: 1.250 Thread 0x00000173a1655ae0 1914       1       de.fabmax.kool.modules.ksl.lang.KslProgram::getStages (5 bytes)
Event: 1.250 Thread 0x00000173a1655ae0 nmethod 1914 0x000001738fa22010 code [0x000001738fa221a0, 0x000001738fa22278]
Event: 1.254 Thread 0x00000173a1655ae0 1927       3       physx.NativeObject::<init> (20 bytes)
Event: 1.254 Thread 0x00000173a1655ae0 nmethod 1927 0x00000173881d4a10 code [0x00000173881d4bc0, 0x00000173881d4d38]

GC Heap History (2 events):
Event: 0.626 GC heap before
{Heap before GC invocations=0 (full 0):
 garbage-first heap   total 260096K, used 20480K [0x0000000703600000, 0x0000000800000000)
  region size 2048K, 11 young (22528K), 0 survivors (0K)
 Metaspace       used 8151K, committed 8384K, reserved 1114112K
  class space    used 590K, committed 704K, reserved 1048576K
}
Event: 0.633 GC heap after
{Heap after GC invocations=1 (full 0):
 garbage-first heap   total 260096K, used 4260K [0x0000000703600000, 0x0000000800000000)
  region size 2048K, 2 young (4096K), 2 survivors (4096K)
 Metaspace       used 8151K, committed 8384K, reserved 1114112K
  class space    used 590K, committed 704K, reserved 1048576K
}

Dll operation events (14 events):
Event: 0.011 Loaded shared library C:\Program Files\Java\jdk-19\bin\java.dll
Event: 0.025 Loaded shared library C:\Program Files\Java\jdk-19\bin\jsvml.dll
Event: 0.087 Loaded shared library C:\Program Files\Java\jdk-19\bin\net.dll
Event: 0.089 Loaded shared library C:\Program Files\Java\jdk-19\bin\nio.dll
Event: 0.094 Loaded shared library C:\Program Files\Java\jdk-19\bin\zip.dll
Event: 0.098 Loaded shared library C:\Program Files\Java\jdk-19\bin\jimage.dll
Event: 0.156 Loaded shared library C:\Program Files\Java\jdk-19\bin\awt.dll
Event: 0.459 Loaded shared library C:\Users\Utente\AppData\Local\Temp\lwjgl_Utente\3.3.3+5\x64\lwjgl.dll
Event: 0.767 Loaded shared library C:\Users\Utente\AppData\Local\Temp\lwjgl_Utente\3.3.3+5\x64\lwjgl_opengl.dll
Event: 0.962 Loaded shared library C:\Users\Utente\AppData\Local\Temp\de.fabmax.physx-jni\2.4.0\PhysX_64.dll
Event: 0.964 Loaded shared library C:\Users\Utente\AppData\Local\Temp\de.fabmax.physx-jni\2.4.0\PhysXCommon_64.dll
Event: 0.966 Loaded shared library C:\Users\Utente\AppData\Local\Temp\de.fabmax.physx-jni\2.4.0\PhysXCooking_64.dll
Event: 0.968 Loaded shared library C:\Users\Utente\AppData\Local\Temp\de.fabmax.physx-jni\2.4.0\PhysXFoundation_64.dll
Event: 0.970 Loaded shared library C:\Users\Utente\AppData\Local\Temp\de.fabmax.physx-jni\2.4.0\PhysXJniBindings_64.dll

Deoptimization events (20 events):
Event: 1.233 Thread 0x00000173fe31f970 Uncommon trap: trap_request=0xffffffde fr.pc=0x000001738f9b2b68 relative=0x0000000000000548
Event: 1.233 Thread 0x00000173fe31f970 Uncommon trap: reason=class_check action=maybe_recompile pc=0x000001738f9b2b68 method=java.util.HashMap.getNode(Ljava/lang/Object;)Ljava/util/HashMap$Node; @ 128 c2
Event: 1.233 Thread 0x00000173fe31f970 DEOPT PACKING pc=0x000001738f9b2b68 sp=0x0000003a1d9fe550
Event: 1.233 Thread 0x00000173fe31f970 DEOPT UNPACKING pc=0x000001738f43a5a3 sp=0x0000003a1d9fe4c8 mode 2
Event: 1.233 Thread 0x00000173fe31f970 Uncommon trap: trap_request=0xffffffc6 fr.pc=0x000001738f9b2bac relative=0x000000000000058c
Event: 1.233 Thread 0x00000173fe31f970 Uncommon trap: reason=bimorphic_or_optimized_type_check action=maybe_recompile pc=0x000001738f9b2bac method=java.util.HashMap.getNode(Ljava/lang/Object;)Ljava/util/HashMap$Node; @ 63 c2
Event: 1.233 Thread 0x00000173fe31f970 DEOPT PACKING pc=0x000001738f9b2bac sp=0x0000003a1d9fe550
Event: 1.233 Thread 0x00000173fe31f970 DEOPT UNPACKING pc=0x000001738f43a5a3 sp=0x0000003a1d9fe4c8 mode 2
Event: 1.233 Thread 0x00000173fe31f970 Uncommon trap: trap_request=0xffffffde fr.pc=0x000001738f9b2b68 relative=0x0000000000000548
Event: 1.233 Thread 0x00000173fe31f970 Uncommon trap: reason=class_check action=maybe_recompile pc=0x000001738f9b2b68 method=java.util.HashMap.getNode(Ljava/lang/Object;)Ljava/util/HashMap$Node; @ 128 c2
Event: 1.233 Thread 0x00000173fe31f970 DEOPT PACKING pc=0x000001738f9b2b68 sp=0x0000003a1d9fe550
Event: 1.233 Thread 0x00000173fe31f970 DEOPT UNPACKING pc=0x000001738f43a5a3 sp=0x0000003a1d9fe4c8 mode 2
Event: 1.233 Thread 0x00000173fe31f970 Uncommon trap: trap_request=0xffffffc6 fr.pc=0x000001738f9b2bac relative=0x000000000000058c
Event: 1.233 Thread 0x00000173fe31f970 Uncommon trap: reason=bimorphic_or_optimized_type_check action=maybe_recompile pc=0x000001738f9b2bac method=java.util.HashMap.getNode(Ljava/lang/Object;)Ljava/util/HashMap$Node; @ 63 c2
Event: 1.233 Thread 0x00000173fe31f970 DEOPT PACKING pc=0x000001738f9b2bac sp=0x0000003a1d9fe550
Event: 1.233 Thread 0x00000173fe31f970 DEOPT UNPACKING pc=0x000001738f43a5a3 sp=0x0000003a1d9fe4c8 mode 2
Event: 1.233 Thread 0x00000173fe31f970 Uncommon trap: trap_request=0xffffffc6 fr.pc=0x000001738f9b2bac relative=0x000000000000058c
Event: 1.233 Thread 0x00000173fe31f970 Uncommon trap: reason=bimorphic_or_optimized_type_check action=maybe_recompile pc=0x000001738f9b2bac method=java.util.HashMap.getNode(Ljava/lang/Object;)Ljava/util/HashMap$Node; @ 63 c2
Event: 1.233 Thread 0x00000173fe31f970 DEOPT PACKING pc=0x000001738f9b2bac sp=0x0000003a1d9fe550
Event: 1.233 Thread 0x00000173fe31f970 DEOPT UNPACKING pc=0x000001738f43a5a3 sp=0x0000003a1d9fe4c8 mode 2

Classes loaded (20 events):
Event: 0.932 Loading class java/util/concurrent/atomic/AtomicBoolean
Event: 0.932 Loading class java/util/concurrent/atomic/AtomicBoolean done
Event: 0.933 Loading class java/io/Reader
Event: 0.933 Loading class java/io/Reader done
Event: 0.933 Loading class java/io/InputStreamReader
Event: 0.933 Loading class java/io/InputStreamReader done
Event: 0.941 Loading class java/io/BufferedReader
Event: 0.941 Loading class java/io/BufferedReader done
Event: 0.941 Loading class sun/nio/cs/StreamDecoder
Event: 0.941 Loading class sun/nio/cs/StreamDecoder done
Event: 1.049 Loading class java/io/NotSerializableException
Event: 1.049 Loading class java/io/ObjectStreamException
Event: 1.049 Loading class java/io/ObjectStreamException done
Event: 1.049 Loading class java/io/NotSerializableException done
Event: 1.067 Loading class java/util/LinkedHashMap$LinkedValues
Event: 1.067 Loading class java/util/LinkedHashMap$LinkedValues done
Event: 1.067 Loading class java/util/LinkedHashMap$LinkedValueIterator
Event: 1.067 Loading class java/util/LinkedHashMap$LinkedValueIterator done
Event: 1.131 Loading class java/lang/invoke/MethodHandle$1
Event: 1.131 Loading class java/lang/invoke/MethodHandle$1 done

Classes unloaded (0 events):
No events

Classes redefined (0 events):
No events

Internal exceptions (20 events):
Event: 1.097 Thread 0x00000173fe31f970 Exception <a 'java/lang/NoSuchMethodError'{0x0000000711e86498}: 'java.lang.Object java.lang.invoke.DirectMethodHandle$Holder.newInvokeSpecial(java.lang.Object, java.lang.Object, java.lang.Object, java.lang.Object, java.lang.Object, java.lang.Object, java.lang.Object, java.lang.Object, java.lang.Object, java.lang.Object, java.lang.Object, java.lang.Object)'> (0x0000000711e86498) 
thrown [s\open\src\hotspot\share\interpreter\linkResolver.cpp, line 774]
Event: 1.097 Thread 0x00000173fe31f970 Exception <a 'java/lang/NoSuchMethodError'{0x0000000711e8b818}: 'java.lang.Object java.lang.invoke.DirectMethodHandle$Holder.invokeSpecial(java.lang.Object, java.lang.Object, java.lang.Object, java.lang.Object, java.lang.Object, java.lang.Object, java.lang.Object, java.lang.Object, java.lang.Object, java.lang.Object, java.lang.Object, java.lang.Object, java.lang.Object)'> (0x0000000711e8b818) 
thrown [s\open\src\hotspot\share\interpreter\linkResolver.cpp, line 774]
Event: 1.097 Thread 0x00000173fe31f970 Exception <a 'java/lang/NoSuchMethodError'{0x0000000711e8fad8}: 'java.lang.Object java.lang.invoke.Invokers$Holder.linkToTargetMethod(java.lang.Object, java.lang.Object, java.lang.Object, java.lang.Object, java.lang.Object, java.lang.Object, java.lang.Object, java.lang.Object, java.lang.Object, java.lang.Object, java.lang.Object, java.lang.Object)'> (0x0000000711e8fad8) 
thrown [s\open\src\hotspot\share\interpreter\linkResolver.cpp, line 774]
Event: 1.114 Thread 0x00000173fe31f970 Exception <a 'java/lang/NoSuchMethodError'{0x0000000711f820c8}: 'java.lang.Object java.lang.invoke.DirectMethodHandle$Holder.invokeStatic(java.lang.Object, java.lang.Object, java.lang.Object, java.lang.Object, java.lang.Object, java.lang.Object, java.lang.Object, java.lang.Object, java.lang.Object, java.lang.Object, java.lang.Object, java.lang.Object, java.lang.Object, java.lang.Object, java.lang.Object, java.lang.Object, java.lang.Object)'> (0x0000000711f820c8) 
thrown [s\open\src\hotspot\share\interprete
Event: 1.114 Thread 0x00000173fe31f970 Exception <a 'java/lang/NoSuchMethodError'{0x0000000711f94550}: 'java.lang.Object java.lang.invoke.DirectMethodHandle$Holder.newInvokeSpecial(java.lang.Object, java.lang.Object, java.lang.Object, java.lang.Object, java.lang.Object, java.lang.Object, java.lang.Object, java.lang.Object, java.lang.Object, java.lang.Object, java.lang.Object, java.lang.Object, java.lang.Object, java.lang.Object, java.lang.Object, java.lang.Object)'> (0x0000000711f94550) 
thrown [s\open\src\hotspot\share\interpreter\linkResolver
Event: 1.115 Thread 0x00000173fe31f970 Exception <a 'java/lang/NoSuchMethodError'{0x0000000711f9a578}: 'java.lang.Object java.lang.invoke.DirectMethodHandle$Holder.invokeSpecial(java.lang.Object, java.lang.Object, java.lang.Object, java.lang.Object, java.lang.Object, java.lang.Object, java.lang.Object, java.lang.Object, java.lang.Object, java.lang.Object, java.lang.Object, java.lang.Object, java.lang.Object, java.lang.Object, java.lang.Object, java.lang.Object, java.lang.Object)'> (0x0000000711f9a578) 
thrown [s\open\src\hotspot\share\interpret
Event: 1.115 Thread 0x00000173fe31f970 Exception <a 'java/lang/NoSuchMethodError'{0x0000000711f9ee00}: 'java.lang.Object java.lang.invoke.Invokers$Holder.linkToTargetMethod(java.lang.Object, java.lang.Object, java.lang.Object, java.lang.Object, java.lang.Object, java.lang.Object, java.lang.Object, java.lang.Object, java.lang.Object, java.lang.Object, java.lang.Object, java.lang.Object, java.lang.Object, java.lang.Object, java.lang.Object, java.lang.Object)'> (0x0000000711f9ee00) 
thrown [s\open\src\hotspot\share\interpreter\linkResolver.cpp, li
Event: 1.119 Thread 0x00000173fe31f970 Exception <a 'java/lang/NoSuchMethodError'{0x0000000711fc98a8}: 'java.lang.Object java.lang.invoke.DirectMethodHandle$Holder.newInvokeSpecial(java.lang.Object, java.lang.Object, java.lang.Object, java.lang.Object, java.lang.Object, java.lang.Object, java.lang.Object)'> (0x0000000711fc98a8) 
thrown [s\open\src\hotspot\share\interpreter\linkResolver.cpp, line 774]
Event: 1.132 Thread 0x00000173fe31f970 Exception <a 'java/lang/NoSuchMethodError'{0x0000000711880aa0}: 'java.lang.Object java.lang.invoke.DirectMethodHandle$Holder.newInvokeSpecial(java.lang.Object, java.lang.Object, java.lang.Object, java.lang.Object, int, java.lang.Object, java.lang.Object)'> (0x0000000711880aa0) 
thrown [s\open\src\hotspot\share\interpreter\linkResolver.cpp, line 774]
Event: 1.135 Thread 0x00000173fe31f970 Exception <a 'java/lang/NoSuchMethodError'{0x00000007118ba7d0}: 'java.lang.Object java.lang.invoke.DirectMethodHandle$Holder.newInvokeSpecial(java.lang.Object, java.lang.Object, java.lang.Object, java.lang.Object, java.lang.Object, java.lang.Object, java.lang.Object, java.lang.Object)'> (0x00000007118ba7d0) 
thrown [s\open\src\hotspot\share\interpreter\linkResolver.cpp, line 774]
Event: 1.137 Thread 0x00000173fe31f970 Exception <a 'java/lang/NoSuchMethodError'{0x00000007118cf980}: 'java.lang.Object java.lang.invoke.DirectMethodHandle$Holder.newInvokeSpecial(java.lang.Object, java.lang.Object, java.lang.Object, java.lang.Object, java.lang.Object, java.lang.Object)'> (0x00000007118cf980) 
thrown [s\open\src\hotspot\share\interpreter\linkResolver.cpp, line 774]
Event: 1.142 Thread 0x00000173fe31f970 Exception <a 'java/lang/NoSuchMethodError'{0x00000007118fa6d0}: 'java.lang.Object java.lang.invoke.DirectMethodHandle$Holder.newInvokeSpecial(java.lang.Object, java.lang.Object, java.lang.Object, java.lang.Object, java.lang.Object)'> (0x00000007118fa6d0) 
thrown [s\open\src\hotspot\share\interpreter\linkResolver.cpp, line 774]
Event: 1.158 Thread 0x00000173fe31f970 Exception <a 'java/lang/NoSuchMethodError'{0x00000007119a6b10}: 'java.lang.Object java.lang.invoke.DirectMethodHandle$Holder.invokeStatic(java.lang.Object, java.lang.Object, float, java.lang.Object)'> (0x00000007119a6b10) 
thrown [s\open\src\hotspot\share\interpreter\linkResolver.cpp, line 774]
Event: 1.159 Thread 0x00000173fe31f970 Exception <a 'java/lang/NoSuchMethodError'{0x00000007119ae238}: 'java.lang.Object java.lang.invoke.DirectMethodHandle$Holder.newInvokeSpecial(java.lang.Object, java.lang.Object, float, java.lang.Object)'> (0x00000007119ae238) 
thrown [s\open\src\hotspot\share\interpreter\linkResolver.cpp, line 774]
Event: 1.161 Thread 0x00000173fe31f970 Exception <a 'java/lang/NoSuchMethodError'{0x00000007119c0c18}: 'java.lang.Object java.lang.invoke.DirectMethodHandle$Holder.invokeStatic(java.lang.Object, java.lang.Object, int, java.lang.Object)'> (0x00000007119c0c18) 
thrown [s\open\src\hotspot\share\interpreter\linkResolver.cpp, line 774]
Event: 1.161 Thread 0x00000173fe31f970 Exception <a 'java/lang/NoSuchMethodError'{0x00000007119c7dd0}: 'java.lang.Object java.lang.invoke.DirectMethodHandle$Holder.newInvokeSpecial(java.lang.Object, java.lang.Object, int, java.lang.Object)'> (0x00000007119c7dd0) 
thrown [s\open\src\hotspot\share\interpreter\linkResolver.cpp, line 774]
Event: 1.161 Thread 0x00000173fe31f970 Exception <a 'java/lang/NoSuchMethodError'{0x00000007119cbc30}: 'java.lang.Object java.lang.invoke.DirectMethodHandle$Holder.invokeSpecial(java.lang.Object, java.lang.Object, java.lang.Object, int, java.lang.Object)'> (0x00000007119cbc30) 
thrown [s\open\src\hotspot\share\interpreter\linkResolver.cpp, line 774]
Event: 1.172 Thread 0x00000173fe31f970 Exception <a 'java/lang/NoSuchMethodError'{0x000000071162e3f8}: 'int java.lang.invoke.DirectMethodHandle$Holder.invokeStaticInit(java.lang.Object, java.lang.Object)'> (0x000000071162e3f8) 
thrown [s\open\src\hotspot\share\interpreter\linkResolver.cpp, line 774]
Event: 1.189 Thread 0x00000173fe31f970 Exception <a 'java/lang/NoSuchMethodError'{0x00000007116cbbe8}: 'java.lang.Object java.lang.invoke.DirectMethodHandle$Holder.invokeSpecial(java.lang.Object, java.lang.Object, java.lang.Object, java.lang.Object, java.lang.Object, int)'> (0x00000007116cbbe8) 
thrown [s\open\src\hotspot\share\interpreter\linkResolver.cpp, line 774]
Event: 1.189 Thread 0x00000173fe31f970 Exception <a 'java/lang/NoSuchMethodError'{0x00000007116cf8e8}: 'java.lang.Object java.lang.invoke.Invokers$Holder.linkToTargetMethod(java.lang.Object, java.lang.Object, java.lang.Object, int, java.lang.Object)'> (0x00000007116cf8e8) 
thrown [s\open\src\hotspot\share\interpreter\linkResolver.cpp, line 774]

VM Operations (16 events):
Event: 0.095 Executing VM operation: HandshakeAllThreads
Event: 0.095 Executing VM operation: HandshakeAllThreads done
Event: 0.102 Executing VM operation: HandshakeAllThreads
Event: 0.102 Executing VM operation: HandshakeAllThreads done
Event: 0.146 Executing VM operation: HandshakeAllThreads
Event: 0.146 Executing VM operation: HandshakeAllThreads done
Event: 0.217 Executing VM operation: HandshakeAllThreads
Event: 0.217 Executing VM operation: HandshakeAllThreads done
Event: 0.405 Executing VM operation: HandshakeAllThreads
Event: 0.405 Executing VM operation: HandshakeAllThreads done
Event: 0.437 Executing VM operation: HandshakeAllThreads
Event: 0.437 Executing VM operation: HandshakeAllThreads done
Event: 0.626 Executing VM operation: G1CollectForAllocation
Event: 0.633 Executing VM operation: G1CollectForAllocation done
Event: 0.933 Executing VM operation: HandshakeAllThreads
Event: 0.933 Executing VM operation: HandshakeAllThreads done

Events (14 events):
Event: 0.025 Thread 0x00000173fe31f970 Thread added: 0x00000173fe31f970
Event: 0.038 Thread 0x00000173a1637500 Thread added: 0x00000173a1637500
Event: 0.038 Thread 0x00000173a16381e0 Thread added: 0x00000173a16381e0
Event: 0.039 Thread 0x00000173a163b230 Thread added: 0x00000173a163b230
Event: 0.039 Thread 0x00000173a163cc60 Thread added: 0x00000173a163cc60
Event: 0.039 Thread 0x00000173a16436a0 Thread added: 0x00000173a16436a0
Event: 0.039 Thread 0x00000173a1644fe0 Thread added: 0x00000173a1644fe0
Event: 0.039 Thread 0x00000173a164b150 Thread added: 0x00000173a164b150
Event: 0.039 Thread 0x00000173a1655ae0 Thread added: 0x00000173a1655ae0
Event: 0.040 Thread 0x00000173a1668c20 Thread added: 0x00000173a1668c20
Event: 0.078 Thread 0x00000173a5910290 Thread added: 0x00000173a5910290
Event: 0.081 Thread 0x00000173a591b7c0 Thread added: 0x00000173a591b7c0
Event: 0.139 Thread 0x00000173a5b46e80 Thread added: 0x00000173a5b46e80
Event: 0.254 Thread 0x00000173a5da5bb0 Thread added: 0x00000173a5da5bb0


Dynamic libraries:
0x00007ff7b84b0000 - 0x00007ff7b84c0000 	C:\Program Files\Java\jdk-19\bin\java.exe
0x00007ffdaaf70000 - 0x00007ffdab187000 	C:\WINDOWS\SYSTEM32\ntdll.dll
0x00007ffdaa510000 - 0x00007ffdaa5d4000 	C:\WINDOWS\System32\KERNEL32.DLL
0x00007ffda8360000 - 0x00007ffda870d000 	C:\WINDOWS\System32\KERNELBASE.dll
0x00007ffda8b80000 - 0x00007ffda8c91000 	C:\WINDOWS\System32\ucrtbase.dll
0x00007ffd9a5b0000 - 0x00007ffd9a5cb000 	C:\Program Files\Java\jdk-19\bin\VCRUNTIME140.dll
0x00007ffd9b350000 - 0x00007ffd9b368000 	C:\Program Files\Java\jdk-19\bin\jli.dll
0x00007ffda9e40000 - 0x00007ffda9ef2000 	C:\WINDOWS\System32\ADVAPI32.dll
0x00007ffdaae00000 - 0x00007ffdaaea7000 	C:\WINDOWS\System32\msvcrt.dll
0x00007ffda93e0000 - 0x00007ffda9489000 	C:\WINDOWS\System32\sechost.dll
0x00007ffda8330000 - 0x00007ffda8358000 	C:\WINDOWS\System32\bcrypt.dll
0x00007ffdaa290000 - 0x00007ffdaa3a4000 	C:\WINDOWS\System32\RPCRT4.dll
0x00007ffdaa5e0000 - 0x00007ffdaa78e000 	C:\WINDOWS\System32\USER32.dll
0x00007ffda8300000 - 0x00007ffda8326000 	C:\WINDOWS\System32\win32u.dll
0x00007ffda9050000 - 0x00007ffda9079000 	C:\WINDOWS\System32\GDI32.dll
0x00007ffda88f0000 - 0x00007ffda8a09000 	C:\WINDOWS\System32\gdi32full.dll
0x00007ffd9eda0000 - 0x00007ffd9f033000 	C:\WINDOWS\WinSxS\amd64_microsoft.windows.common-controls_6595b64144ccf1df_6.0.22621.3672_none_2713b9d173822955\COMCTL32.dll
0x00007ffda87d0000 - 0x00007ffda886a000 	C:\WINDOWS\System32\msvcp_win.dll
0x00007ffda0c50000 - 0x00007ffda0c5a000 	C:\WINDOWS\SYSTEM32\VERSION.dll
0x00007ffdaac10000 - 0x00007ffdaac41000 	C:\WINDOWS\System32\IMM32.DLL
0x00007ffd9ccf0000 - 0x00007ffd9ccfc000 	C:\Program Files\Java\jdk-19\bin\vcruntime140_1.dll
0x00007ffd98ad0000 - 0x00007ffd98b5e000 	C:\Program Files\Java\jdk-19\bin\msvcp140.dll
0x00007ffd31350000 - 0x00007ffd32010000 	C:\Program Files\Java\jdk-19\bin\server\jvm.dll
0x00007ffd9cc30000 - 0x00007ffd9cc39000 	C:\WINDOWS\SYSTEM32\WSOCK32.dll
0x00007ffda3900000 - 0x00007ffda3934000 	C:\WINDOWS\SYSTEM32\WINMM.dll
0x00007ffdaad80000 - 0x00007ffdaadf1000 	C:\WINDOWS\System32\WS2_32.dll
0x00007ffda73d0000 - 0x00007ffda73e8000 	C:\WINDOWS\SYSTEM32\kernel.appcore.dll
0x00007ffd9cc40000 - 0x00007ffd9cc4a000 	C:\Program Files\Java\jdk-19\bin\jimage.dll
0x00007ffda5750000 - 0x00007ffda5982000 	C:\WINDOWS\SYSTEM32\DBGHELP.DLL
0x00007ffda8cc0000 - 0x00007ffda904e000 	C:\WINDOWS\System32\combase.dll
0x00007ffda9d60000 - 0x00007ffda9e37000 	C:\WINDOWS\System32\OLEAUT32.dll
0x00007ffd9bcd0000 - 0x00007ffd9bd02000 	C:\WINDOWS\SYSTEM32\dbgcore.DLL
0x00007ffda8870000 - 0x00007ffda88eb000 	C:\WINDOWS\System32\bcryptPrimitives.dll
0x00007ffd9a580000 - 0x00007ffd9a5a6000 	C:\Program Files\Java\jdk-19\bin\java.dll
0x00007ffd83d60000 - 0x00007ffd83e37000 	C:\Program Files\Java\jdk-19\bin\jsvml.dll
0x00007ffda94f0000 - 0x00007ffda9d57000 	C:\WINDOWS\System32\SHELL32.dll
0x00007ffda6210000 - 0x00007ffda6b0f000 	C:\WINDOWS\SYSTEM32\windows.storage.dll
0x00007ffda60d0000 - 0x00007ffda620f000 	C:\WINDOWS\SYSTEM32\wintypes.dll
0x00007ffda9f00000 - 0x00007ffda9ff9000 	C:\WINDOWS\System32\SHCORE.dll
0x00007ffdaaed0000 - 0x00007ffdaaf2e000 	C:\WINDOWS\System32\shlwapi.dll
0x00007ffda81c0000 - 0x00007ffda81e7000 	C:\WINDOWS\SYSTEM32\profapi.dll
0x00007ffd99090000 - 0x00007ffd990a3000 	C:\Program Files\Java\jdk-19\bin\net.dll
0x00007ffda4be0000 - 0x00007ffda4d16000 	C:\WINDOWS\SYSTEM32\WINHTTP.dll
0x00007ffda7840000 - 0x00007ffda78a9000 	C:\WINDOWS\system32\mswsock.dll
0x00007ffd99070000 - 0x00007ffd99086000 	C:\Program Files\Java\jdk-19\bin\nio.dll
0x00007ffd9a560000 - 0x00007ffd9a578000 	C:\Program Files\Java\jdk-19\bin\zip.dll
0x00007ffd643a0000 - 0x00007ffd64531000 	C:\Program Files\Java\jdk-19\bin\awt.dll
0x00007ffda33c0000 - 0x00007ffda3457000 	C:\WINDOWS\SYSTEM32\apphelp.dll
0x00007ffda7a90000 - 0x00007ffda7aab000 	C:\WINDOWS\SYSTEM32\CRYPTSP.dll
0x00007ffda7330000 - 0x00007ffda7365000 	C:\WINDOWS\system32\rsaenh.dll
0x00007ffda7930000 - 0x00007ffda7958000 	C:\WINDOWS\SYSTEM32\USERENV.dll
0x00007ffda7ab0000 - 0x00007ffda7abc000 	C:\WINDOWS\SYSTEM32\CRYPTBASE.dll
0x00007ffda6de0000 - 0x00007ffda6e0d000 	C:\WINDOWS\SYSTEM32\IPHLPAPI.DLL
0x00007ffdaa270000 - 0x00007ffdaa279000 	C:\WINDOWS\System32\NSI.dll
0x00007ffda4b10000 - 0x00007ffda4b29000 	C:\WINDOWS\SYSTEM32\dhcpcsvc6.DLL
0x00007ffda4af0000 - 0x00007ffda4b0f000 	C:\WINDOWS\SYSTEM32\dhcpcsvc.DLL
0x00007ffda6e50000 - 0x00007ffda6f48000 	C:\WINDOWS\SYSTEM32\DNSAPI.dll
0x00007ffd6b440000 - 0x00007ffd6b4bb000 	C:\Users\Utente\AppData\Local\Temp\lwjgl_Utente\3.3.3+5\x64\lwjgl.dll
0x00007ffd620f0000 - 0x00007ffd62360000 	C:\Users\Utente\AppData\Local\Temp\lwjgl_Utente\3.3.3+5\x64\jemalloc.dll
0x00007ffd655a0000 - 0x00007ffd65622000 	C:\Users\Utente\AppData\Local\Temp\lwjgl_Utente\3.3.3+5\x64\glfw.dll
0x00007ffd84060000 - 0x00007ffd840a6000 	C:\WINDOWS\SYSTEM32\dinput8.dll
0x00007ffda2780000 - 0x00007ffda2791000 	C:\WINDOWS\SYSTEM32\xinput1_4.dll
0x00007ffda7f80000 - 0x00007ffda7fce000 	C:\WINDOWS\SYSTEM32\cfgmgr32.dll
0x00007ffda7f50000 - 0x00007ffda7f7c000 	C:\WINDOWS\SYSTEM32\DEVOBJ.dll
0x00007ffda5710000 - 0x00007ffda573b000 	C:\WINDOWS\SYSTEM32\dwmapi.dll
0x00007ffd825a0000 - 0x00007ffd827b3000 	C:\WINDOWS\SYSTEM32\inputhost.dll
0x00007ffda2e40000 - 0x00007ffda2f73000 	C:\WINDOWS\SYSTEM32\CoreMessaging.dll
0x00007ffda53f0000 - 0x00007ffda54a1000 	C:\WINDOWS\system32\uxtheme.dll
0x00007ffdaa3b0000 - 0x00007ffdaa50e000 	C:\WINDOWS\System32\MSCTF.dll
0x00007ffd823b0000 - 0x00007ffd824b0000 	C:\WINDOWS\SYSTEM32\opengl32.dll
0x00007ffd85260000 - 0x00007ffd8528d000 	C:\WINDOWS\SYSTEM32\GLU32.dll
0x00007ffda5510000 - 0x00007ffda5547000 	C:\WINDOWS\SYSTEM32\dxcore.dll
0x00007ffda0cc0000 - 0x00007ffda0d09000 	C:\WINDOWS\SYSTEM32\directxdatabasehelper.dll
0x00007ffdaa1c0000 - 0x00007ffdaa270000 	C:\WINDOWS\System32\clbcatq.dll
0x00007ffd2a750000 - 0x00007ffd2b728000 	C:\WINDOWS\System32\DriverStore\FileRepository\iigd_dch.inf_amd64_c529b210005a7e19\igxelpicd64.dll
0x00007ffda9230000 - 0x00007ffda93d5000 	C:\WINDOWS\System32\ole32.dll
0x00007ffda5550000 - 0x00007ffda5647000 	C:\WINDOWS\system32\dxgi.dll
0x00007ffd64260000 - 0x00007ffd6439e000 	C:\WINDOWS\System32\DriverStore\FileRepository\iigd_dch.inf_amd64_c529b210005a7e19\igdml64.dll
0x00007ffd9c6d0000 - 0x00007ffd9cac0000 	C:\WINDOWS\System32\DriverStore\FileRepository\iigd_dch.inf_amd64_c529b210005a7e19\igdgmm64.dll
0x00007ffd90450000 - 0x00007ffd94a94000 	C:\WINDOWS\System32\DriverStore\FileRepository\iigd_dch.inf_amd64_c529b210005a7e19\igc64.dll
0x00007ffda7140000 - 0x00007ffda718d000 	C:\WINDOWS\SYSTEM32\powrprof.dll
0x00007ffda7120000 - 0x00007ffda7133000 	C:\WINDOWS\SYSTEM32\UMPDC.dll
0x00007ffda46a0000 - 0x00007ffda475d000 	C:\WINDOWS\SYSTEM32\mscms.dll
0x00007ffd83f20000 - 0x00007ffd83f6a000 	C:\WINDOWS\SYSTEM32\icm32.dll
0x00007ffd8b7e0000 - 0x00007ffd8b923000 	C:\WINDOWS\SYSTEM32\textinputframework.dll
0x00007ffd9fee0000 - 0x00007ffda024d000 	C:\WINDOWS\SYSTEM32\CoreUIComponents.dll
0x00007ffd637e0000 - 0x00007ffd6383e000 	C:\Users\Utente\AppData\Local\Temp\lwjgl_Utente\3.3.3+5\x64\lwjgl_opengl.dll
0x00007ffd60f70000 - 0x00007ffd6118f000 	C:\Users\Utente\AppData\Local\Temp\de.fabmax.physx-jni\2.4.0\PhysX_64.dll
0x00007ffd60d40000 - 0x00007ffd60f6d000 	C:\Users\Utente\AppData\Local\Temp\de.fabmax.physx-jni\2.4.0\PhysXCommon_64.dll
0x00007ffd68350000 - 0x00007ffd68386000 	C:\Users\Utente\AppData\Local\Temp\de.fabmax.physx-jni\2.4.0\PhysXCooking_64.dll
0x00007ffd62fa0000 - 0x00007ffd62fe7000 	C:\Users\Utente\AppData\Local\Temp\de.fabmax.physx-jni\2.4.0\PhysXFoundation_64.dll
0x00007ffd60b40000 - 0x00007ffd60d38000 	C:\Users\Utente\AppData\Local\Temp\de.fabmax.physx-jni\2.4.0\PhysXJniBindings_64.dll

dbghelp: loaded successfully - version: 4.0.5 - missing functions: none
symbol engine: initialized successfully - sym options: 0x614 - pdb path: .;C:\Program Files\Java\jdk-19\bin;C:\WINDOWS\SYSTEM32;C:\WINDOWS\WinSxS\amd64_microsoft.windows.common-controls_6595b64144ccf1df_6.0.22621.3672_none_2713b9d173822955;C:\Program Files\Java\jdk-19\bin\server;C:\Users\Utente\AppData\Local\Temp\lwjgl_Utente\3.3.3+5\x64;C:\WINDOWS\System32\DriverStore\FileRepository\iigd_dch.inf_amd64_c529b210005a7e19;C:\Users\Utente\AppData\Local\Temp\de.fabmax.physx-jni\2.4.0

VM Arguments:
jvm_args: -Dfile.encoding=windows-1252 -Duser.country=IT -Duser.language=it -Duser.variant 
java_command: LauncherKt
java_class_path (initial): C:\Users\Utente\Desktop\my kool projects\kooler-demos\kool-basic-template\build\classes\kotlin\jvm\main;C:\Users\Utente\.gradle\caches\modules-2\files-2.1\de.fabmax.kool\kool-core-desktop\0.15.1\29ce1b46586c352d71ee3dbb9323e66cfed8c440\kool-core-desktop-0.15.1.jar;C:\Users\Utente\.gradle\caches\modules-2\files-2.1\com.github.weisj\jsvg\1.4.0\3f057f61a79b63015dcdb3ae15f935951e4bedd9\jsvg-1.4.0.jar;C:\Users\Utente\.gradle\caches\modules-2\files-2.1\org.jetbrains.kotlin\kotlin-stdlib\2.0.0\b48df2c4aede9586cc931ead433bc02d6fd7879e\kotlin-stdlib-2.0.0.jar;C:\Users\Utente\.gradle\caches\modules-2\files-2.1\org.jetbrains\annotations\23.0.0\8cc20c07506ec18e0834947b84a864bfc094484e\annotations-23.0.0.jar;C:\Users\Utente\.gradle\caches\modules-2\files-2.1\org.jetbrains.kotlinx\atomicfu-jvm\0.23.2\a4601dc42dceb031a586058e8356ff778a57dea0\atomicfu-jvm-0.23.2.jar;C:\Users\Utente\.gradle\caches\modules-2\files-2.1\org.jetbrains.kotlinx\kotlinx-serialization-json-jvm\1.6.3\2241746853abf04073e3ab0dcd9e6729d363b313\kotlinx-serialization-json-jvm-1.6.3.jar;C:\Users\Utente\.gradle\caches\modules-2\files-2.1\org.jetbrains.kotlinx\kotlinx-serialization-core-jvm\1.6.3\6b6c17d0312ba7192893adea9d52959941d0119b\kotlinx-serialization-core-jvm-1.6.3.jar;C:\Users\Utente\.gradle\caches\modules-2\files-2.1\org.lwjgl\lwjgl\3.3.3\29589b5f87ed335a6c7e7ee6a5775f81f97ecb84\lwjgl-3.3.3.jar;C:\Users\Utente\.gradle\caches\modules-2\files-2.1\org.lwjgl\lwjgl\3.3.3\1713758e3660ba66e1e954396fd18126038b33c0\lwjgl-3.3.3-natives-linux.jar;C:\Users\Utente\.gradle\caches\modules-2\files-2.1\org.lwjgl\lwjgl\3.3.3\a5ed18a2b82fc91b81f40d717cb1f64c9dcb0540\lwjgl-3.3.3-natives-windows.jar;C:\Users\Utente\.gradle\caches\modules-2\files-2.1\org.lwjgl\lwjgl\3.3.3\33a6efa288390490ce6eb6c3df47ac21ecf648cf\lwjgl-3.3.3-natives-macos.jar;C:\Users\Utente\.gradle\caches\modules-2\files-2.1\org.lwjgl\lwjgl\3.3.3\226246e75f6bd8d4e1895bdce8638ef87808d114\lwjgl-3.3.3-natives-macos-arm64.jar;C:\Users\Utente\.gradle\caches\modules-2\files-2.1\org.lwjgl\lwjgl-stb\3.3.3\25dd6161988d7e65f71d5065c99902402ee32746\lwjgl-stb-3.3.3.jar;C:\Users\Utente\.gradle\caches\modules-2\files-2.1\org.lwjgl\lwjgl-stb\3.3.3\fd1271ccd9d85eff2fa31f3fd543e02ccfaf5041\lwjgl-stb-3.3.3-natives-linux.jar;C:\Users\Utente\.gradle\caches\modules-2\files-2.1\org.lwjgl\lwjgl-stb\3.3.3\1d9facdf6541de114b0f963be33505b7679c78cb\lwjgl-stb-3.3.3-natives-windows.jar;C:\Users\Utente\.gradle\caches\modules-2\files-2.1\org.lwjgl\lwjgl-stb\3.3.3\472792c98fb2c1557c060cb9da5fca6a9773621f\lwjgl-stb-3.3.3-natives-macos.jar;C:\Users\Utente\.gradle\caches\modules-2\files-2.1\org.lwjgl\lwjgl-stb\3.3.3\51c6955571fbcdb7bb538c6aa589b953b584c6af\lwjgl-stb-3.3.3-natives-macos-arm64.jar;C:\Users\Utente\.gradle\caches\modules-2\files-2.1\org.lwjgl\lwjgl-nfd\3.3.3\f1b41d3a0a2f5cd2a55a6a59a618c87d0348681c\lwjgl-nfd-3.3.3.jar;C:\Users\Utente\.gradle\caches\modules-2\files-2.1\org.lwjgl\lwjgl-nfd\3.3.3\8d98d276f3ba0c94af264c9d6e435b8d73bab0d2\lwjgl-nfd-3.3.3-natives-linux.jar;C:\Users\Utente\.gradle\caches\modules-2\files-2.1\org.lwjgl\lwjgl-nfd\3.3.3\3a39132eef695dcb7631adc1d02e493527940d10\lwjgl-nfd-3.3.3-natives-windows.jar;C:\Users\Utente\.gradle\caches\modules-2\files-2.1\org.lwjgl\lwjgl-nfd\3.3.3\90881c2b3d72fbeae4ab580c8ab67480dbaf6354\lwjgl-nfd-3.3.3-natives-macos.jar;C:\Users\Utente\.gradle\caches\modules-2\files-2.1\org.lwjgl\lwjgl-nfd\3.3.3\822d3613fc6af4402236acda5843a14a669c379f\lwjgl-nfd-3.3.3-natives-macos-arm64.jar;C:\Users\Utente\.gradle\caches\modules-2\files-2.1\org.lwjgl\lwjgl-shaderc\3.3.3\ae740d58fdc809c4350358a872b076bacbec27c1\lwjgl-shaderc-3.3.3.jar;C:\Users\Utente\.gradle\caches\modules-2\files-2.1\org.lwjgl\lwjgl-shaderc\3.3.3\de3457387f546024090efeaa297f33d0fe721aa2\lwjgl-shaderc-3.3.3-natives-linux.jar;C:\Users\Utente\.gradle\caches\modules-2\files-2.1\org.lwjgl\lwjgl-shaderc\3.3.3\2bdcb9d4c1a8debf8c82dcb6968c3f23f126af6b\lwjgl-shaderc-3.3.3-natives-windows.jar;C:\Users\Utente\.gradle\caches\modules-2\files-2.1\org.lwjgl\lwjgl-shaderc\3.3.3\fb8694ffe2888eda8dfe3d62389156e1d4489d5b\lwjgl-shaderc-3.3.3-natives-macos.jar;C:\Users\Utente\.gradle\caches\modules-2\files-2.1\org.lwjgl\lwjgl-shaderc\3.3.3\91f5979792982a6ad6b6993f17123cf279c926dd\lwjgl-shaderc-3.3.3-natives-macos-arm64.jar;C:\Users\Utente\.gradle\caches\modules-2\files-2.1\org.lwjgl\lwjgl-vma\3.3.3\dacf4ee5787dbd17641f2aedd74fc1b04b506081\lwjgl-vma-3.3.3.jar;C:\Users\Utente\.gradle\caches\modules-2\files-2.1\org.lwjgl\lwjgl-vma\3.3.3\17787ed496143d20a90bb9ee1cb8cc13cc46527d\lwjgl-vma-3.3.3-natives-linux.jar;C:\Users\Utente\.gradle\caches\modules-2\files-2.1\org.lwjgl\lwjgl-vma\3.3.3\c12a6d51cce0de9c265f71c0540ae3fb3529a8e8\lwjgl-vma-3.3.3-natives-windows.jar;C:\Users\Utente\.gradle\caches\modules-2\files-2.1\org.lwjgl\lwjgl-vma\3.3.3\e6203b64b756a18aeaa4aabd08f444d75aa3e16d\lwjgl-vma-3.3.3-natives-macos.jar;C:\Users\Utente\.gradle\caches\modules-2\files-2.1\org.lwjgl\lwjgl-vma\3.3.3\5377df5e52e84b8032924ccdbb08505626ac1d40\lwjgl-vma-3.3.3-natives-macos-arm64.jar;C:\Users\Utente\.gradle\caches\modules-2\files-2.1\org.lwjgl\lwjgl-vulkan\3.3.3\2d85b61672fa82ec5045979ac49c7940913eea50\lwjgl-vulkan-3.3.3.jar;C:\Users\Utente\.gradle\caches\modules-2\files-2.1\org.lwjgl\lwjgl-opengl\3.3.3\2f6b0147078396a58979125a4c947664e98293a\lwjgl-opengl-3.3.3.jar;C:\Users\Utente\.gradle\caches\modules-2\files-2.1\org.lwjgl\lwjgl-opengl\3.3.3\62c70a4b00ca5391882b0f4b787c1588d24f1c86\lwjgl-opengl-3.3.3-natives-linux.jar;C:\Users\Utente\.gradle\caches\modules-2\files-2.1\org.lwjgl\lwjgl-opengl\3.3.3\e6c1eec8be8a71951b830a4d69efc01c6531900c\lwjgl-opengl-3.3.3-natives-windows.jar;C:\Users\Utente\.gradle\caches\modules-2\files-2.1\org.lwjgl\lwjgl-opengl\3.3.3\1bd45997551ae8a28469f3a2b678f4b7289e12c0\lwjgl-opengl-3.3.3-natives-macos.jar;C:\Users\Utente\.gradle\caches\modules-2\files-2.1\org.lwjgl\lwjgl-opengl\3.3.3\d213ddef27637b1af87961ffa94d6b27036becc8\lwjgl-opengl-3.3.3-natives-macos-arm64.jar;C:\Users\Utente\.gradle\caches\modules-2\files-2.1\org.lwjgl\lwjgl-jemalloc\3.3.3\b543467b7ff3c6920539a88ee602d34098628be5\lwjgl-jemalloc-3.3.3.jar;C:\Users\Utente\.gradle\caches\modules-2\files-2.1\org.lwjgl\lwjgl-jemalloc\3.3.3\4f86728bf449b1dd61251c4e0ac01df1389cb51e\lwjgl-jemalloc-3.3.3-natives-linux.jar;C:\Users\Utente\.gradle\caches\modules-2\files-2.1\org.lwjgl\lwjgl-jemalloc\3.3.3\426222fc027602a5f21b9c0fe79cde6a4c7a011f\lwjgl-jemalloc-3.3.3-natives-windows.jar;C:\Users\Utente\.gradle\caches\modules-2\files-2.1\org.lwjgl\lwjgl-jemalloc\3.3.3\2906637657a57579847238c9c72d2c4bde7083f8\lwjgl-jemalloc-3.3.3-natives-macos.jar;C:\Users\Utente\.gradle\caches\modules-2\files-2.1\org.lwjgl\lwjgl-jemalloc\3.3.3\e9412c3ff8cb3a3bad1d3f52909ad74d8a5bdad1\lwjgl-jemalloc-3.3.3-natives-macos-arm64.jar;C:\Users\Utente\.gradle\caches\modules-2\files-2.1\org.lwjgl\lwjgl-glfw\3.3.3\efa1eb78c5ccd840e9f329717109b5e892d72f8e\lwjgl-glfw-3.3.3.jar;C:\Users\Utente\.gradle\caches\modules-2\files-2.1\org.lwjgl\lwjgl-glfw\3.3.3\a03684c5e4b1b1dbbe0d29dbbdc27b985b6840f2\lwjgl-glfw-3.3.3-natives-linux.jar;C:\Users\Utente\.gradle\caches\modules-2\files-2.1\org.lwjgl\lwjgl-glfw\3.3.3\e449e28b4891fc423c54c85fbc5bb0b9efece67a\lwjgl-glfw-3.3.3-natives-windows.jar;C:\Users\Utente\.gradle\caches\modules-2\files-2.1\org.lwjgl\lwjgl-glfw\3.3.3\a1bf400f6bc64e6195596cb1430dafda46090751\lwjgl-glfw-3.3.3-natives-macos.jar;C:\Users\Utente\.gradle\caches\modules-2\files-2.1\org.lwjgl\lwjgl-glfw\3.3.3\ee8cc78d0a4a5b3b4600fade6d927c9fc320c858\lwjgl-glfw-3.3.3-natives-macos-arm64.jar;C:\Users\Utente\.gradle\caches\modules-2\files-2.1\org.jetbrains.kotlinx\kotlinx-coroutines-core-jvm\1.8.0\ac1dc37a30a93150b704022f8d895ee1bd3a36b3\kotlinx-coroutines-core-jvm-1.8.0.jar;C:\Users\Utente\.gradle\caches\modules-2\files-2.1\de.fabmax.kool\kool-physics-desktop\0.15.1\e79aa9f0fddc354667d793a20f5221474b3a3ef1\kool-physics-desktop-0.15.1.jar;C:\Users\Utente\.gradle\caches\modules-2\files-2.1\de.fabmax\physx-jni\2.4.0\8913ea9b37f1930139fe2825d2dfd99f12c46421\physx-jni-2.4.0.jar;C:\Users\Utente\.gradle\caches\modules-2\files-2.1\de.fabmax\physx-jni\2.4.0\7fe79a149254600a6d51ba4345b40a2246f1e97d\physx-jni-2.4.0-natives-linux.jar;C:\Users\Utente\.gradle\caches\modules-2\files-2.1\de.fabmax\physx-jni\2.4.0\7a80c8ea3e9aaf0b9fe1781d866bc939c62dc5d3\physx-jni-2.4.0-natives-windows.jar;C:\Users\Utente\.gradle\caches\modules-2\files-2.1\de.fabmax\physx-jni\2.4.0\e49b28edc42d94ef64ebe4215b5541ee8982c875\physx-jni-2.4.0-natives-macos.jar;C:\Users\Utente\.gradle\caches\modules-2\files-2.1\de.fabmax\physx-jni\2.4.0\3bc2689514ee4fbcfeed3ec805b086bdf3831f31\physx-jni-2.4.0-natives-macos-arm64.jar;C:\Users\Utente\.gradle\caches\modules-2\files-2.1\de.fabmax.kool\kool-core\0.15.1\74820011b313af61479d4e1f685e4451a5ab8eec\kool-core-metadata-0.15.1.jar;C:\Users\Utente\.gradle\caches\modules-2\files-2.1\org.jetbrains.kotlin\kotlin-stdlib\2.0.0\e6142a28b5fa6722cd811dd86278ad056784fa40\kotlin-stdlib-2.0.0-all.jar;C:\Users\Utente\.gradle\caches\modules-2\files-2.1\org.jetbrains.kotlinx\kotlinx-coroutines-core\1.8.0\347b5a25f52fe3cb4f5067ff8fe59736583d25da\kotlinx-coroutines-core-metadata-1.8.0.jar;C:\Users\Utente\.gradle\caches\modules-2\files-2.1\org.jetbrains.kotlinx\atomicfu\0.23.1\c83617142902b4bd244ead7f53bbbf04d2289fc8\atomicfu-metadata-0.23.1.jar;C:\Users\Utente\.gradle\caches\modules-2\files-2.1\de.fabmax.kool\kool-physics\0.15.1\3409559642b283a2ccdc4e7cd5bad2fe1f1a4600\kool-physics-metadata-0.15.1.jar;C:\Users\Utente\Desktop\my kool projects\kooler-demos\kool-basic-template\build\processedResources\jvm\main
Launcher Type: SUN_STANDARD

[Global flags]
     intx CICompilerCount                          = 4                                         {product} {ergonomic}
     uint ConcGCThreads                            = 2                                         {product} {ergonomic}
     uint G1ConcRefinementThreads                  = 8                                         {product} {ergonomic}
   size_t G1HeapRegionSize                         = 2097152                                   {product} {ergonomic}
    uintx GCDrainStackTargetSize                   = 64                                        {product} {ergonomic}
   size_t InitialHeapSize                          = 266338304                                 {product} {ergonomic}
   size_t MarkStackSize                            = 4194304                                   {product} {ergonomic}
   size_t MaxHeapSize                              = 4238344192                                {product} {ergonomic}
   size_t MaxNewSize                               = 2541748224                                {product} {ergonomic}
   size_t MinHeapDeltaBytes                        = 2097152                                   {product} {ergonomic}
   size_t MinHeapSize                              = 8388608                                   {product} {ergonomic}
    uintx NonNMethodCodeHeapSize                   = 5839372                                {pd product} {ergonomic}
    uintx NonProfiledCodeHeapSize                  = 122909434                              {pd product} {ergonomic}
    uintx ProfiledCodeHeapSize                     = 122909434                              {pd product} {ergonomic}
    uintx ReservedCodeCacheSize                    = 251658240                              {pd product} {ergonomic}
     bool SegmentedCodeCache                       = true                                      {product} {ergonomic}
   size_t SoftMaxHeapSize                          = 4238344192                             {manageable} {ergonomic}
     bool UseCompressedClassPointers               = true                           {product lp64_product} {ergonomic}
     bool UseCompressedOops                        = true                           {product lp64_product} {ergonomic}
     bool UseG1GC                                  = true                                      {product} {ergonomic}
     bool UseLargePagesIndividualAllocation        = false                                  {pd product} {ergonomic}

Logging:
Log output configuration:
 #0: stdout all=warning uptime,level,tags foldmultilines=false
 #1: stderr all=off uptime,level,tags foldmultilines=false

Environment Variables:
JAVA_HOME="C:\Program Files\Java\jdk-17"
PATH=C:\Program Files\Python312\Scripts\;C:\Program Files\Python312\;C:\Program Files (x86)\AdoptOpenJDK\jdk-14.0.2.12-hotspot\bin;c:\devkitPro\msys2\usr\bin;C:\Program Files\Common Files\Oracle\Java\javapath;C:\WINDOWS\system32;C:\WINDOWS;C:\WINDOWS\System32\Wbem;C:\WINDOWS\System32\WindowsPowerShell\v1.0\;C:\WINDOWS\System32\OpenSSH\;C:\Program Files\Java\jdk-17\bin;C:\Program Files\nodejs\;C:\ProgramData\chocolatey\bin;C:\winlibs-x86_64-mcf-seh-gcc-13.2.0-mingw-w64ucrt-11.0.1-r3\mingw64\bin;C:\Program Files (x86)\Go\bin;C:\Users\Utente\AppData\Local\Microsoft\WindowsApps;C:\Users\Utente\AppData\Local\Programs\Microsoft VS Code\bin;C:\Users\Utente\AppData\Roaming\npm;C:\Users\Utente\AppData\Local\GitHubDesktop\bin;C:\Users\Utente\go\bin
USERNAME=Utente
OS=Windows_NT
PROCESSOR_IDENTIFIER=Intel64 Family 6 Model 140 Stepping 1, GenuineIntel
TMP=C:\Users\Utente\AppData\Local\Temp
TEMP=C:\Users\Utente\AppData\Local\Temp



---------------  S Y S T E M  ---------------

OS:
 Windows 11 , 64 bit Build 22621 (10.0.22621.3958)
OS uptime: 2 days 7:06 hours

CPU: total 8 (initial active 8) (4 cores per cpu, 2 threads per core) family 6 model 140 stepping 1 microcode 0x8a, cx8, cmov, fxsr, ht, mmx, 3dnowpref, sse, sse2, sse3, ssse3, sse4.1, sse4.2, popcnt, lzcnt, tsc, tscinvbit, avx, avx2, aes, erms, clmul, bmi1, bmi2, adx, avx512f, avx512dq, avx512cd, avx512bw, avx512vl, sha, fma, vzeroupper, avx512_vpopcntdq, avx512_vpclmulqdq, avx512_vaes, avx512_vnni, clflush, clflushopt, clwb, avx512_vbmi2, avx512_vbmi, rdtscp, rdpid, fsrm, gfni, avx512_bitalg

Memory: 4k page, system-wide physical 16167M (5879M free)
TotalPageFile size 18599M (AvailPageFile size 6467M)
current process WorkingSet (physical memory assigned to process): 262M, peak: 262M
current process commit charge ("private bytes"): 439M, peak: 439M

vm_info: Java HotSpot(TM) 64-Bit Server VM (19.0.2+7-44) for windows-amd64 JRE (19.0.2+7-44), built on 2022-11-30T18:02:09Z by "mach5one" with MS VC++ 17.1 (VS2022)

END.
